(1, 12, 27, 27, 16) (2, 12, 1, 1, 4, 16, 4) (1, 1) 9
(1, 48, 17, 17, 16) (12, 48, 1, 1, 4, 16, 4) (1, 1) 7
(1, 12, 35, 35, 16) (4, 12, 1, 1, 4, 16, 4) (1, 1) 12
(1, 80, 8, 8, 16) (12, 80, 1, 1, 4, 16, 4) (1, 1) 15
(1, 16, 27, 27, 16) (4, 16, 1, 1, 4, 16, 4) (1, 1) 12
(1, 16, 16, 16, 16) (32, 16, 3, 3, 4, 16, 4) (2, 2) 14
(1, 32, 28, 28, 16) (8, 32, 1, 1, 4, 16, 4) (1, 1) 15
(1, 36, 14, 14, 16) (10, 36, 1, 1, 4, 16, 4) (1, 1) 14
(1, 1, 226, 226, 4) (2, 1, 3, 3, 1, 16, 4) (2, 2) 13
(1, 12, 27, 27, 16) (2, 12, 1, 1, 4, 16, 4) (1, 1) 23
(1, 12, 27, 27, 16) (2, 12, 1, 1, 4, 16, 4) (1, 1) 23
(1, 48, 17, 17, 16) (12, 48, 1, 1, 4, 16, 4) (1, 1) 0
(1, 12, 35, 35, 16) (4, 12, 1, 1, 4, 16, 4) (1, 1) 16
(1, 80, 8, 8, 16) (12, 80, 1, 1, 4, 16, 4) (1, 1) 18
(1, 16, 27, 27, 16) (4, 16, 1, 1, 4, 16, 4) (1, 1) 40
(1, 16, 16, 16, 16) (32, 16, 3, 3, 4, 16, 4) (2, 2) 1
(1, 32, 28, 28, 16) (8, 32, 1, 1, 4, 16, 4) (1, 1) 29
(1, 36, 14, 14, 16) (10, 36, 1, 1, 4, 16, 4) (1, 1) 35
(1, 1, 226, 226, 4) (2, 1, 3, 3, 1, 16, 4) (2, 2) 15
(1, 16, 56, 56, 16) (8, 16, 1, 1, 4, 16, 4) (1, 1) 52
(1, 20, 27, 27, 16) (8, 20, 1, 1, 4, 16, 4) (1, 1) 32
(1, 12, 16, 16, 16) (16, 12, 3, 3, 4, 16, 4) (1, 1) 27
(1, 32, 9, 9, 16) (32, 32, 3, 3, 4, 16, 4) (1, 1) 1
(1, 9, 56, 56, 16) (2, 9, 1, 1, 4, 16, 4) (1, 1) 9
(1, 14, 9, 9, 16) (14, 14, 3, 3, 4, 16, 4) (1, 1) 16
(1, 8, 30, 30, 16) (8, 8, 3, 3, 4, 16, 4) (1, 1) 29
(1, 2, 112, 112, 16) (1, 2, 1, 1, 4, 16, 4) (1, 1) 36
