(1, 4, 149, 162, 16) (4, 4, 3, 3, 16, 16) (1, 1) 32, 138.1566
1 32 149 149 64 32 3 3 1 1 None, 138.1566
(1, 4, 37, 66, 16) (6, 4, 3, 3, 16, 16) (1, 1) 64, 38.4614
1 64 37 37 96 64 3 3 1 1 None, 38.4614
(1, 16, 56, 64, 16) (8, 16, 1, 1, 16, 16) (1, 1) 64, 58.0752
1 256 56 56 128 256 1 1 1 1 None, 58.0752
(1, 12, 16, 34, 16) (12, 12, 3, 3, 16, 16) (1, 1) 64, 43.03999999999999
1 160 16 16 192 160 3 3 1 1 pad, 43.03999999999999
(1, 16, 14, 32, 16) (32, 16, 1, 1, 16, 16) (1, 1) 64, 31.587400000000002
1 256 14 14 512 256 1 1 1 1 fuse, 31.587400000000002
(1, 8, 32, 32, 1, 1, 16) (16, 8, 1, 1, 16, 16) (2, 2) 64, 27.3889
1 128 28 28 256 128 1 1 2 2 fuse, 27.3889
(1, 80, 1, 32, 16) (64, 80, 1, 1, 16, 16) (1, 1) 64, 31.342899999999993
1 1280 1 1 1000 1280 1 1 1 1 pad, 31.342899999999993
(1, 16, 32, 32, 1, 1, 16) (8, 16, 1, 1, 16, 16) (2, 2) 64, 42.9059
1 256 56 56 128 256 1 1 2 2 pad, 42.9059
(1, 20, 27, 32, 16) (4, 20, 1, 1, 16, 16) (1, 1) 64, 28.431399999999996
1 320 27 27 64 320 1 1 1 1 pad, 28.431399999999996
(1, 48, 17, 32, 16) (12, 48, 1, 1, 16, 16) (1, 1) 64, 34.2263
1 768 17 17 192 768 1 1 1 1 pad, 34.2263
(1, 24, 14, 32, 16) (6, 24, 1, 1, 16, 16) (1, 1) 64, 27.942400000000003
1 384 14 14 96 384 1 1 1 1 pad, 27.942400000000003
(1, 16, 14, 32, 16) (64, 16, 1, 1, 16, 16) (1, 1) 64, 38.566
1 256 14 14 1024 256 1 1 1 1 fuse, 38.566
(1, 64, 32, 32, 1, 1, 16) (128, 64, 1, 1, 16, 16) (2, 2) 64, 63.82560000000001
1 1024 14 14 2048 1024 1 1 2 2 fuse, 63.82560000000001
(1, 16, 32, 32, 3, 3, 16) (16, 16, 3, 3, 16, 16) (2, 2) 64, 69.4546
1 256 30 30 256 256 3 3 2 2 fuse, 69.4546
(1, 4, 16, 34, 16) (6, 4, 3, 3, 16, 16) (1, 1) 64, 29.8401
1 64 16 16 96 64 3 3 1 1 pad, 29.8401
(1, 128, 7, 32, 16) (32, 128, 1, 1, 16, 16) (1, 1) 64, 50.5276
1 2048 7 7 512 2048 1 1 1 1 pad, 50.5276
(1, 64, 32, 32, 1, 1, 16) (32, 64, 1, 1, 16, 16) (2, 2) 64, 44.318200000000004
1 1024 14 14 512 1024 1 1 2 2 fuse, 44.318200000000004
(1, 64, 7, 32, 16) (8, 64, 1, 1, 16, 16) (1, 1) 64, 33.1443
1 1024 7 7 128 1024 1 1 1 1 pad, 33.1443
(1, 4, 29, 34, 16) (4, 4, 3, 3, 16, 16) (1, 1) 64, 30.2276
1 64 29 29 64 64 3 3 1 1 fuse, 30.2276
(1, 12, 9, 34, 16) (14, 12, 3, 3, 16, 16) (1, 1) 64, 39.9059
1 192 9 9 224 192 3 3 1 1 pad, 39.9059
(1, 16, 32, 32, 3, 3, 16) (16, 16, 3, 3, 16, 16) (2, 2) 64, 68.4451
1 256 16 16 256 256 3 3 2 2 fuse, 68.4451
(1, 8, 32, 32, 3, 3, 16) (12, 8, 3, 3, 16, 16) (2, 2) 64, 48.0079
1 128 16 16 192 128 3 3 2 2 fuse, 48.0079
(1, 24, 8, 10, 16) (24, 24, 1, 3, 16, 16) (1, 1) 64, 44.0801
1 384 8 10 384 384 1 3 1 1 fuse, 44.0801
(1, 4, 56, 64, 16) (4, 4, 1, 1, 16, 16) (1, 1) 64, 34.428599999999996
1 64 56 56 64 64 1 1 1 1 None, 34.428599999999996
(1, 48, 17, 32, 16) (8, 48, 1, 1, 16, 16) (1, 1) 64, 31.7993
1 768 17 17 128 768 1 1 1 1 pad, 31.7993
(1, 8, 56, 64, 16) (8, 8, 1, 1, 16, 16) (1, 1) 64, 47.7769
1 128 56 56 128 128 1 1 1 1 None, 47.7769
(1, 8, 32, 32, 3, 3, 16) (8, 8, 3, 3, 16, 16) (2, 2) 64, 67.604
1 128 58 58 128 128 3 3 2 2 pad, 67.604
(1, 4, 28, 32, 16) (12, 4, 1, 1, 16, 16) (1, 1) 64, 30.4769
1 32 28 28 192 32 1 1 1 1 pad, 30.4769
(1, 20, 35, 64, 16) (4, 20, 1, 1, 16, 16) (1, 1) 64, 34.9411
1 288 35 35 48 288 1 1 1 1 None, 34.9411
(1, 32, 28, 32, 16) (8, 32, 1, 1, 16, 16) (1, 1) 64, 34.4315
1 512 28 28 128 512 1 1 1 1 fuse, 34.4315
(1, 48, 17, 32, 16) (10, 48, 1, 1, 16, 16) (1, 1) 64, 33.3168
1 768 17 17 160 768 1 1 1 1 pad, 33.3168
(1, 4, 32, 32, 1, 1, 16) (8, 4, 1, 1, 16, 16) (2, 2) 64, 30.549699999999998
1 64 56 56 128 64 1 1 2 2 pad, 30.549699999999998
(1, 12, 8, 8, 3, 3, 16) (12, 12, 3, 3, 16, 16) (2, 2) 64, 58.1917
1 192 17 17 192 192 3 3 2 2 fuse, 58.1917
(1, 4, 56, 64, 16) (8, 4, 1, 1, 16, 16) (1, 1) 64, 43.305899999999994
1 64 56 56 128 64 1 1 1 1 None, 43.305899999999994
(1, 60, 7, 32, 16) (10, 60, 1, 1, 16, 16) (1, 1) 64, 30.336899999999993
1 960 7 7 160 960 1 1 1 1 pad, 30.336899999999993
(1, 32, 32, 32, 1, 1, 16) (64, 32, 1, 1, 16, 16) (2, 2) 64, 56.86940000000001
1 512 28 28 1024 512 1 1 2 2 fuse, 56.86940000000001
(1, 8, 73, 98, 16) (12, 8, 3, 3, 16, 16) (1, 1) 32, 161.2162
1 80 73 73 192 80 3 3 1 1 None, 161.2162
(1, 12, 35, 64, 16) (2, 12, 1, 1, 16, 16) (1, 1) 64, 28.3355
1 192 35 35 32 192 1 1 1 1 None, 28.3355
(1, 16, 35, 64, 16) (4, 16, 1, 1, 16, 16) (1, 1) 64, 33.68439999999999
1 256 35 35 48 256 1 1 1 1 None, 33.68439999999999
(1, 36, 14, 32, 16) (10, 36, 1, 1, 16, 16) (1, 1) 64, 30.448899999999995
1 576 14 14 160 576 1 1 1 1 pad, 30.448899999999995
(1, 4, 149, 162, 16) (2, 4, 3, 3, 16, 16) (1, 1) 32, 84.91380000000001
1 32 149 149 32 32 3 3 1 1 None, 84.91380000000001
(1, 4, 58, 66, 16) (4, 4, 3, 3, 16, 16) (1, 1) 64, 43.90539999999999
1 64 58 58 64 64 3 3 1 1 None, 43.90539999999999
(1, 40, 14, 32, 16) (8, 40, 1, 1, 16, 16) (1, 1) 64, 30.8942
1 608 14 14 128 608 1 1 1 1 pad, 30.8942
(1, 32, 7, 32, 16) (128, 32, 1, 1, 16, 16) (1, 1) 64, 37.68919999999999
1 512 7 7 2048 512 1 1 1 1 fuse, 37.68919999999999
(1, 12, 14, 32, 16) (4, 12, 1, 1, 16, 16) (1, 1) 64, 26.0408
1 192 14 14 64 192 1 1 1 1 pad, 26.0408
(1, 16, 9, 34, 16) (14, 16, 3, 3, 16, 16) (1, 1) 64, 44.2834
1 224 9 9 224 224 3 3 1 1 pad, 44.2834
(1, 8, 17, 38, 16) (12, 8, 1, 7, 16, 16) (1, 1) 64, 33.464200000000005
1 128 17 23 192 128 1 7 1 1 fuse, 33.464200000000005
(1, 64, 7, 32, 16) (22, 64, 1, 1, 16, 16) (1, 1) 64, 32.7681
1 1024 7 7 352 1024 1 1 1 1 pad, 32.7681
(1, 24, 14, 32, 16) (4, 24, 1, 1, 16, 16) (1, 1) 64, 28.7762
1 384 14 14 64 384 1 1 1 1 fuse, 28.7762
(1, 4, 56, 64, 16) (16, 4, 1, 1, 16, 16) (1, 1) 64, 65.1598
1 64 56 56 256 64 1 1 1 1 None, 65.1598
(1, 36, 14, 32, 16) (12, 36, 1, 1, 16, 16) (1, 1) 64, 32.2762
1 576 14 14 192 576 1 1 1 1 pad, 32.2762
(1, 4, 39, 68, 16) (4, 4, 5, 5, 16, 16) (1, 1) 64, 42.205400000000004
1 48 39 39 64 48 5 5 1 1 None, 42.205400000000004
(1, 40, 14, 32, 16) (6, 40, 1, 1, 16, 16) (1, 1) 64, 31.1437
1 608 14 14 96 608 1 1 1 1 pad, 31.1437
(1, 128, 8, 8, 16) (24, 128, 1, 1, 16, 16) (1, 1) 64, 54.79339999999999
1 2048 8 8 384 2048 1 1 1 1 pad, 54.79339999999999
(1, 80, 8, 8, 16) (20, 80, 1, 1, 16, 16) (1, 1) 64, 40.026900000000005
1 1280 8 8 320 1280 1 1 1 1 fuse, 40.026900000000005
(1, 64, 7, 32, 16) (12, 64, 1, 1, 16, 16) (1, 1) 64, 32.0788
1 1024 7 7 192 1024 1 1 1 1 pad, 32.0788
(1, 32, 7, 32, 16) (64, 32, 1, 1, 16, 16) (1, 1) 64, 32.5009
1 512 7 7 1024 512 1 1 1 1 fuse, 32.5009
(1, 8, 16, 34, 16) (12, 8, 3, 3, 16, 16) (1, 1) 64, 36.4437
1 128 16 16 192 128 3 3 1 1 pad, 36.4437
(1, 40, 14, 32, 16) (12, 40, 1, 1, 16, 16) (1, 1) 64, 32.1265
1 608 14 14 192 608 1 1 1 1 pad, 32.1265
(1, 12, 17, 38, 16) (10, 12, 1, 7, 16, 16) (1, 1) 64, 39.0573
1 160 17 23 160 160 1 7 1 1 pad, 39.0573
(1, 128, 8, 8, 16) (12, 128, 1, 1, 16, 16) (1, 1) 64, 54.6111
1 2048 8 8 192 2048 1 1 1 1 fuse, 54.6111
(1, 16, 56, 64, 16) (4, 16, 1, 1, 16, 16) (1, 1) 64, 44.021
1 256 56 56 64 256 1 1 1 1 None, 44.021
(1, 60, 7, 32, 16) (20, 60, 1, 1, 16, 16) (1, 1) 64, 31.550900000000002
1 960 7 7 320 960 1 1 1 1 pad, 31.550900000000002
(1, 16, 35, 64, 16) (4, 16, 1, 1, 16, 16) (1, 1) 64, 33.6944
1 256 35 35 64 256 1 1 1 1 None, 33.6944
(1, 12, 27, 32, 16) (2, 12, 1, 1, 16, 16) (1, 1) 64, 26.5328
1 192 27 27 32 192 1 1 1 1 pad, 26.5328
(1, 20, 27, 32, 16) (8, 20, 1, 1, 16, 16) (1, 1) 64, 30.608099999999997
1 320 27 27 128 320 1 1 1 1 fuse, 30.608099999999997
(1, 8, 17, 38, 16) (8, 8, 1, 7, 16, 16) (1, 1) 64, 31.4407
1 128 17 23 128 128 1 7 1 1 fuse, 31.4407
(1, 28, 10, 10, 16) (24, 28, 3, 3, 16, 16) (1, 1) 64, 72.22089999999999
1 448 10 10 384 448 3 3 1 1 pad, 72.22089999999999
(1, 64, 14, 32, 16) (32, 64, 1, 1, 16, 16) (1, 1) 64, 44.1731
1 1024 14 14 512 1024 1 1 1 1 pad, 44.1731
(1, 16, 28, 32, 16) (16, 16, 1, 1, 16, 16) (1, 1) 64, 36.0882
1 256 28 28 256 256 1 1 1 1 fuse, 36.0882
(1, 64, 7, 32, 16) (64, 64, 1, 1, 16, 16) (1, 1) 64, 37.3814
1 1024 7 7 1024 1024 1 1 1 1 fuse, 37.3814
(1, 4, 112, 128, 16) (4, 4, 1, 1, 16, 16) (1, 1) 64, 69.5454
1 32 112 112 64 32 1 1 1 1 None, 69.5454
(1, 4, 29, 34, 16) (6, 4, 3, 3, 16, 16) (1, 1) 64, 30.973399999999998
1 64 29 29 96 64 3 3 1 1 pad, 30.973399999999998
(1, 12, 28, 32, 16) (2, 12, 1, 1, 16, 16) (1, 1) 64, 25.720500000000005
1 192 28 28 32 192 1 1 1 1 pad, 25.720500000000005
(1, 20, 7, 32, 16) (80, 20, 1, 1, 16, 16) (1, 1) 64, 29.856
1 320 7 7 1280 320 1 1 1 1 fuse, 29.856
(1, 12, 8, 8, 3, 3, 16) (20, 12, 3, 3, 16, 16) (2, 2) 64, 58.9223
1 192 17 17 320 192 3 3 2 2 pad, 58.9223
(1, 32, 9, 34, 16) (32, 32, 3, 3, 16, 16) (1, 1) 64, 71.91749999999999
1 512 9 9 512 512 3 3 1 1 pad, 71.91749999999999
(1, 12, 16, 34, 16) (12, 12, 3, 3, 16, 16) (1, 1) 64, 42.33370000000001
1 192 16 16 192 192 3 3 1 1 pad, 42.33370000000001
(1, 8, 28, 32, 16) (32, 8, 1, 1, 16, 16) (1, 1) 64, 44.708
1 128 28 28 512 128 1 1 1 1 pad, 44.708
(1, 8, 16, 34, 16) (8, 8, 3, 3, 16, 16) (1, 1) 64, 37.073
1 128 16 16 128 128 3 3 1 1 pad, 37.073
(1, 4, 56, 64, 16) (10, 4, 1, 1, 16, 16) (1, 1) 64, 48.552
1 24 56 56 144 24 1 1 1 1 None, 48.552
(1, 8, 32, 32, 3, 3, 16) (16, 8, 3, 3, 16, 16) (2, 2) 64, 47.8951
1 128 30 30 256 128 3 3 2 2 fuse, 47.8951
(1, 12, 9, 34, 16) (20, 12, 3, 3, 16, 16) (1, 1) 64, 39.6785
1 192 9 9 320 192 3 3 1 1 pad, 39.6785
(1, 8, 23, 32, 16) (8, 8, 7, 1, 16, 16) (1, 1) 64, 33.193
1 128 23 17 128 128 7 1 1 1 fuse, 33.193
(1, 12, 23, 32, 16) (12, 12, 7, 1, 16, 16) (1, 1) 64, 41.875
1 160 23 17 192 160 7 1 1 1 pad, 41.875
(1, 8, 29, 34, 16) (6, 8, 3, 3, 16, 16) (1, 1) 64, 36.6766
1 96 29 29 96 96 3 3 1 1 fuse, 36.6766
(1, 8, 32, 32, 3, 3, 16) (6, 8, 3, 3, 16, 16) (2, 2) 64, 65.1852
1 96 35 35 96 96 3 3 2 2 fuse, 65.1852
(1, 12, 16, 34, 16) (10, 12, 3, 3, 16, 16) (1, 1) 64, 40.0511
1 160 16 16 160 160 3 3 1 1 pad, 40.0511
(1, 12, 9, 34, 16) (14, 12, 3, 3, 16, 16) (1, 1) 64, 41.84700000000001
1 160 9 9 224 160 3 3 1 1 pad, 41.84700000000001
(1, 32, 32, 32, 3, 3, 16) (32, 32, 3, 3, 16, 16) (2, 2) 64, 113.88840000000002
1 512 16 16 512 512 3 3 2 2 fuse, 113.88840000000002
(1, 80, 8, 8, 16) (28, 80, 1, 1, 16, 16) (1, 1) 64, 39.9841
1 1280 8 8 448 1280 1 1 1 1 pad, 39.9841
(1, 32, 14, 32, 16) (32, 32, 1, 1, 16, 16) (1, 1) 64, 36.931200000000004
1 512 14 14 512 512 1 1 1 1 fuse, 36.931200000000004
(1, 8, 30, 34, 16) (8, 8, 3, 3, 16, 16) (1, 1) 64, 38.2175
1 128 30 30 128 128 3 3 1 1 pad, 38.2175
(1, 20, 32, 32, 3, 3, 16) (24, 20, 3, 3, 16, 16) (2, 2) 32, 273.19750000000005
1 288 35 35 384 288 3 3 2 2 fuse, 273.19750000000005
(1, 4, 73, 96, 16) (6, 4, 1, 1, 16, 16) (1, 1) 64, 51.886600000000016
1 64 73 73 80 64 1 1 1 1 None, 51.886600000000016
(1, 36, 14, 32, 16) (8, 36, 1, 1, 16, 16) (1, 1) 64, 29.6216
1 576 14 14 128 576 1 1 1 1 pad, 29.6216
(1, 12, 56, 64, 16) (2, 12, 1, 1, 16, 16) (1, 1) 64, 32.8524
1 144 56 56 24 144 1 1 1 1 None, 32.8524
(1, 16, 16, 34, 16) (16, 16, 3, 3, 16, 16) (1, 1) 64, 49.756899999999995
1 256 16 16 256 256 3 3 1 1 pad, 49.756899999999995
(1, 12, 7, 32, 16) (60, 12, 1, 1, 16, 16) (1, 1) 64, 27.775100000000002
1 160 7 7 960 160 1 1 1 1 fuse, 27.775100000000002
(1, 80, 8, 8, 16) (12, 80, 1, 1, 16, 16) (1, 1) 64, 40.1106
1 1280 8 8 192 1280 1 1 1 1 fuse, 40.1106
(1, 16, 27, 32, 16) (4, 16, 1, 1, 16, 16) (1, 1) 64, 27.418
1 256 27 27 64 256 1 1 1 1 pad, 27.418
(1, 8, 56, 64, 16) (2, 8, 1, 1, 16, 16) (1, 1) 64, 29.854599999999998
1 96 56 56 24 96 1 1 1 1 None, 29.854599999999998
(1, 32, 28, 32, 16) (16, 32, 1, 1, 16, 16) (1, 1) 64, 43.3902
1 512 28 28 256 512 1 1 1 1 fuse, 43.3902
(1, 8, 32, 32, 3, 3, 16) (6, 8, 3, 3, 16, 16) (2, 2) 64, 46.5874
1 96 29 29 96 96 3 3 2 2 fuse, 46.5874
(1, 68, 7, 32, 16) (12, 68, 1, 1, 16, 16) (1, 1) 64, 32.5846
1 1056 7 7 192 1056 1 1 1 1 pad, 32.5846
(1, 12, 23, 32, 16) (12, 12, 7, 1, 16, 16) (1, 1) 64, 42.5813
1 192 23 17 192 192 7 1 1 1 pad, 42.5813
(1, 16, 32, 32, 1, 1, 16) (32, 16, 1, 1, 16, 16) (2, 2) 64, 29.0448
1 256 14 14 512 256 1 1 2 2 fuse, 29.0448
(1, 8, 32, 32, 3, 3, 16) (10, 8, 3, 3, 16, 16) (2, 2) 64, 46.5121
1 128 29 29 160 128 3 3 2 2 fuse, 46.5121
(1, 8, 16, 34, 16) (8, 8, 3, 3, 16, 16) (1, 1) 64, 34.8769
1 96 16 16 128 96 3 3 1 1 pad, 34.8769
(1, 36, 14, 32, 16) (6, 36, 1, 1, 16, 16) (1, 1) 64, 30.4546
1 576 14 14 96 576 1 1 1 1 pad, 30.4546
(1, 36, 14, 32, 16) (14, 36, 1, 1, 16, 16) (1, 1) 64, 32.2328
1 576 14 14 224 576 1 1 1 1 pad, 32.2328
(1, 32, 32, 32, 1, 1, 16) (16, 32, 1, 1, 16, 16) (2, 2) 64, 35.9445
1 512 28 28 256 512 1 1 2 2 fuse, 35.9445
(1, 40, 14, 32, 16) (10, 40, 1, 1, 16, 16) (1, 1) 64, 31.504500000000004
1 608 14 14 160 608 1 1 1 1 pad, 31.504500000000004
(1, 12, 16, 34, 16) (16, 12, 3, 3, 16, 16) (1, 1) 64, 42.926300000000005
1 192 16 16 256 192 3 3 1 1 pad, 42.926300000000005
(1, 4, 14, 32, 16) (24, 4, 1, 1, 16, 16) (1, 1) 32, 27.580699999999997
1 64 14 14 384 64 1 1 1 1 fuse, 27.580699999999997
(1, 36, 14, 32, 16) (4, 36, 1, 1, 16, 16) (1, 1) 64, 28.58930000000001
1 576 14 14 64 576 1 1 1 1 pad, 28.58930000000001
(1, 68, 7, 32, 16) (10, 68, 1, 1, 16, 16) (1, 1) 64, 31.375500000000006
1 1056 7 7 160 1056 1 1 1 1 pad, 31.375500000000006
(1, 12, 27, 32, 16) (4, 12, 1, 1, 16, 16) (1, 1) 64, 27.157199999999992
1 192 27 27 64 192 1 1 1 1 pad, 27.157199999999992
(1, 8, 14, 32, 16) (36, 8, 1, 1, 16, 16) (1, 1) 64, 31.3849
1 96 14 14 576 96 1 1 1 1 fuse, 31.3849
(1, 128, 8, 8, 16) (28, 128, 1, 1, 16, 16) (1, 1) 64, 54.7579
1 2048 8 8 448 2048 1 1 1 1 pad, 54.7579
(1, 8, 37, 66, 16) (6, 8, 3, 3, 16, 16) (1, 1) 64, 48.719300000000004
1 96 37 37 96 96 3 3 1 1 None, 48.719300000000004
(1, 12, 17, 38, 16) (12, 12, 1, 7, 16, 16) (1, 1) 64, 39.5204
1 160 17 23 192 160 1 7 1 1 pad, 39.5204
(1, 12, 35, 64, 16) (4, 12, 1, 1, 16, 16) (1, 1) 64, 31.5528
1 192 35 35 64 192 1 1 1 1 None, 31.5528
(1, 16, 32, 32, 1, 1, 16) (32, 16, 1, 1, 16, 16) (2, 2) 32, 74.91830000000002
1 256 56 56 512 256 1 1 2 2 pad, 74.91830000000002
(1, 8, 28, 32, 16) (16, 8, 1, 1, 16, 16) (1, 1) 64, 34.1453
1 128 28 28 256 128 1 1 1 1 fuse, 34.1453
(1, 8, 23, 32, 16) (12, 8, 7, 1, 16, 16) (1, 1) 64, 35.3161
1 128 23 17 192 128 7 1 1 1 fuse, 35.3161
(1, 80, 8, 8, 16) (24, 80, 1, 1, 16, 16) (1, 1) 64, 40.3364
1 1280 8 8 384 1280 1 1 1 1 pad, 40.3364
(1, 64, 14, 32, 16) (16, 64, 1, 1, 16, 16) (1, 1) 64, 35.2637
1 1024 14 14 256 1024 1 1 1 1 pad, 35.2637
(1, 68, 7, 32, 16) (8, 68, 1, 1, 16, 16) (1, 1) 64, 32.2181
1 1056 7 7 128 1056 1 1 1 1 pad, 32.2181
(1, 12, 17, 38, 16) (12, 12, 1, 7, 16, 16) (1, 1) 64, 39.4927
1 192 17 23 192 192 1 7 1 1 fuse, 39.4927
(1, 8, 16, 34, 16) (10, 8, 3, 3, 16, 16) (1, 1) 64, 34.2641
1 128 16 16 160 128 3 3 1 1 pad, 34.2641
(1, 36, 7, 32, 16) (10, 36, 1, 1, 16, 16) (1, 1) 64, 28.532799999999995
1 576 7 7 160 576 1 1 1 1 pad, 28.532799999999995
(1, 68, 7, 32, 16) (22, 68, 1, 1, 16, 16) (1, 1) 64, 33.10380000000001
1 1056 7 7 352 1056 1 1 1 1 pad, 33.10380000000001
(1, 128, 8, 8, 16) (20, 128, 1, 1, 16, 16) (1, 1) 64, 54.4531
1 2048 8 8 320 2048 1 1 1 1 pad, 54.4531
(1, 4, 55, 64, 16) (4, 4, 1, 1, 16, 16) (1, 1) 64, 33.6421
1 64 55 55 64 64 1 1 1 1 None, 33.6421
(1, 16, 32, 32, 3, 3, 16) (32, 16, 3, 3, 16, 16) (2, 2) 64, 69.23519999999999
1 256 16 16 512 256 3 3 2 2 fuse, 69.23519999999999
(1, 24, 10, 8, 16) (24, 24, 3, 1, 16, 16) (1, 1) 64, 45.1041
1 384 10 8 384 384 3 1 1 1 pad, 45.1041
(1, 4, 112, 128, 16) (2, 4, 1, 1, 16, 16) (1, 1) 64, 44.8939
1 32 112 112 16 32 1 1 1 1 None, 44.8939
(1, 12, 28, 32, 16) (2, 12, 1, 1, 16, 16) (1, 1) 64, 25.6727
1 144 28 28 32 144 1 1 1 1 fuse, 25.6727
(1, 12, 23, 32, 16) (10, 12, 7, 1, 16, 16) (1, 1) 64, 44.19160000000001
1 160 23 17 160 160 7 1 1 1 fuse, 44.19160000000001
(1, 20, 35, 64, 16) (4, 20, 1, 1, 16, 16) (1, 1) 64, 35.2325
1 288 35 35 64 288 1 1 1 1 None, 35.2325
(1, 4, 32, 32, 3, 3, 16) (8, 4, 3, 3, 16, 16) (2, 2) 64, 47.45709999999999
1 64 58 58 128 64 3 3 2 2 pad, 47.45709999999999
(1, 12, 35, 64, 16) (4, 12, 1, 1, 16, 16) (1, 1) 64, 31.1287
1 192 35 35 48 192 1 1 1 1 None, 31.1287
(1, 4, 57, 66, 16) (12, 4, 3, 3, 16, 16) (1, 1) 64, 73.6325
1 64 57 57 192 64 3 3 1 1 None, 73.6325
