(1, 16, 14, 14, 16) (64, 16, 1, 1, 4, 16, 4) (1, 1) [1.46608e-05, 1.5689833333333334e-05, 1.5020666666666667e-05, 5.289233333333333e-05, 1.5010433333333331e-05, 4.702756666666667e-05, 5.022943333333333e-05, 1.6134366666666666e-05]
(1, 4, 56, 56, 16) (16, 4, 1, 1, 4, 16, 4) (1, 1) [1.4790533333333337e-05, 1.681586666666667e-05, 1.5614199999999997e-05, 1.6986166666666663e-05, 1.5937166666666667e-05, 1.61928e-05, 1.59389e-05, 1.5472199999999997e-05]
(1, 36, 14, 14, 16) (6, 36, 1, 1, 4, 16, 4) (1, 1) [6.253066666666667e-06, 7.270266666666668e-06, 7.753466666666666e-06, 1.4505699999999997e-05, 1.0285e-05, 6.375566666666667e-06, 1.25304e-05, 1.2943666666666666e-05]
(1, 16, 16, 16, 16) (16, 16, 3, 3, 4, 16, 4) (1, 1) [2.9661766666666664e-05, 2.977743333333333e-05, 2.975573333333333e-05, 0.0001252207666666667, 7.619973333333333e-05, 2.973856666666667e-05, 0.00010775643333333334, 0.00011800276666666665]
(1, 5, 73, 73, 16) (12, 5, 3, 3, 4, 16, 4) (1, 1) [0.0003657040666666666, 0.0004297071333333333, 0.00040282260000000004, 0.00036293180000000004, 0.00042212646666666667, 0.0004766494666666667, 0.0004287849333333333, 0.0005001820333333332]
(1, 16, 56, 56, 16) (4, 16, 1, 1, 4, 16, 4) (1, 1) [1.4434399999999997e-05, 1.5134400000000004e-05, 1.528736666666667e-05, 1.45942e-05, 1.4503766666666668e-05, 2.9503866666666667e-05, 2.9026633333333338e-05, 1.935693333333333e-05]
(1, 28, 10, 10, 16) (24, 28, 3, 3, 4, 16, 4) (1, 1) [2.1569066666666666e-05, 2.1634833333333335e-05, 2.1761066666666667e-05, 3.50956e-05, 2.1852533333333335e-05, 3.49905e-05, 6.53931e-05, 2.11959e-05]
(1, 36, 14, 14, 16) (10, 36, 1, 1, 4, 16, 4) (1, 1) [8.625566666666666e-06, 9.036066666666666e-06, 8.735133333333334e-06, 1.9755566666666664e-05, 1.38798e-05, 8.736200000000001e-06, 2.0050266666666667e-05, 2.00646e-05]
(1, 16, 56, 56, 16) (8, 16, 1, 1, 4, 16, 4) (2, 2) [1.0060266666666666e-05, 1.26318e-05, 1.0333566666666669e-05, 2.3433766666666673e-05, 1.02155e-05, 1.06116e-05, 1.8577766666666663e-05, 1.8578933333333336e-05]
(1, 16, 27, 27, 16) (4, 16, 1, 1, 4, 16, 4) (1, 1) [8.547033333333333e-06, 1.09013e-05, 8.894466666666666e-06, 8.688899999999999e-06, 1.1901999999999999e-05, 1.0896899999999999e-05, 1.0278033333333336e-05, 9.3767e-06]
(1, 6, 16, 16, 16) (8, 6, 3, 3, 4, 16, 4) (1, 1) [8.666866666666667e-06, 9.739066666666668e-06, 9.550633333333333e-06, 3.3827633333333335e-05, 1.7397133333333337e-05, 9.678366666666667e-06, 2.4788366666666665e-05, 2.4422900000000006e-05]
(1, 16, 16, 16, 16) (16, 16, 3, 3, 4, 16, 4) (2, 2) [1.0275799999999999e-05, 1.81745e-05, 1.85303e-05, 1.645843333333333e-05, 2.1054366666666666e-05, 1.6633633333333336e-05, 1.56722e-05, 3.920626666666667e-05]
(1, 32, 28, 28, 16) (64, 32, 1, 1, 4, 16, 4) (2, 2) [3.018463333333333e-05, 4.0970500000000004e-05, 2.8303633333333328e-05, 9.73275e-05, 2.8580466666666665e-05, 8.73001e-05, 0.00010109119999999999, 3.3415e-05]
(1, 2, 149, 149, 16) (2, 2, 3, 3, 4, 16, 4) (1, 1) [4.227316666666666e-05, 6.986076666666667e-05, 4.3183566666666664e-05, 7.822533333333334e-05, 5.5964833333333343e-05, 4.3732999999999996e-05, 7.923043333333334e-05, 8.234753333333332e-05]
(1, 64, 14, 14, 16) (32, 64, 1, 1, 4, 16, 4) (1, 1) [2.8400033333333333e-05, 2.8399099999999997e-05, 2.8663233333333337e-05, 9.844206666666667e-05, 4.326306666666666e-05, 0.00011536316666666667, 0.00010232846666666665, 3.0438033333333336e-05]
(1, 18, 35, 35, 16) (4, 18, 1, 1, 4, 16, 4) (1, 1) [7.89623333333333e-06, 1.0546366666666668e-05, 1.0958066666666666e-05, 2.480913333333333e-05, 8.635333333333334e-06, 9.629566666666665e-06, 2.3993733333333334e-05, 1.0858466666666668e-05]
(1, 6, 35, 35, 16) (6, 6, 3, 3, 4, 16, 4) (2, 2) [1.2022099999999998e-05, 1.4747999999999998e-05, 1.500036666666667e-05, 2.772193333333333e-05, 1.439953333333333e-05, 1.74581e-05, 2.6807599999999997e-05, 1.5615333333333333e-05]
(1, 32, 9, 9, 16) (32, 32, 3, 3, 4, 16, 4) (1, 1) [2.8040633333333334e-05, 5.4497500000000005e-05, 5.716793333333333e-05, 4.2205999999999995e-05, 6.991653333333333e-05, 5.372236666666666e-05, 3.907393333333333e-05, 0.00014713533333333333]
(1, 4, 58, 58, 16) (8, 4, 3, 3, 4, 16, 4) (2, 2) [1.6203066666666667e-05, 2.3027033333333335e-05, 1.531116666666667e-05, 4.65813e-05, 1.58856e-05, 1.7246766666666666e-05, 3.82118e-05, 3.78319e-05]
(1, 60, 7, 7, 16) (10, 60, 1, 1, 4, 16, 4) (1, 1) [5.633233333333333e-06, 7.697433333333334e-06, 7.719833333333334e-06, 6.404e-06, 7.4666666666666675e-06, 6.4496333333333335e-06, 8.7457e-06, 1.1894799999999998e-05]
(1, 8, 58, 58, 16) (8, 8, 3, 3, 4, 16, 4) (2, 2) [2.840756666666667e-05, 4.058716666666666e-05, 2.7367933333333336e-05, 8.99753e-05, 2.83155e-05, 2.86217e-05, 7.47477e-05, 7.423516666666668e-05]
(1, 16, 56, 56, 16) (32, 16, 1, 1, 4, 16, 4) (2, 2) [2.78598e-05, 2.74929e-05, 2.93726e-05, 2.7431599999999997e-05, 3.872736666666667e-05, 3.926006666666667e-05, 2.9368499999999995e-05, 5.778386666666667e-05]
(1, 12, 14, 14, 16) (4, 12, 1, 1, 4, 16, 4) (1, 1) [3.849733333333333e-06, 4.3358999999999994e-06, 4.616799999999999e-06, 6.778366666666667e-06, 4.4556999999999995e-06, 4.3219333333333335e-06, 4.666799999999999e-06, 4.555866666666667e-06]
(1, 64, 14, 14, 16) (32, 64, 1, 1, 4, 16, 4) (1, 1) [2.7745433333333337e-05, 2.8011800000000005e-05, 2.9345166666666665e-05, 9.854360000000001e-05, 2.9402733333333336e-05, 9.234136666666666e-05, 0.00010250763333333334, 3.07396e-05]
(1, 32, 9, 9, 16) (32, 32, 3, 3, 4, 16, 4) (1, 1) [2.8189033333333334e-05, 5.460716666666666e-05, 5.684253333333334e-05, 4.210813333333333e-05, 6.987966666666667e-05, 5.282663333333334e-05, 3.936876666666667e-05, 0.0001454797]
(1, 8, 58, 58, 16) (8, 8, 3, 3, 4, 16, 4) (2, 2) [2.7855733333333335e-05, 4.0798466666666666e-05, 2.8670033333333342e-05, 9.001396666666667e-05, 2.8713366666666665e-05, 2.9503200000000002e-05, 7.52147e-05, 7.534693333333334e-05]
(1, 16, 56, 56, 16) (32, 16, 1, 1, 4, 16, 4) (2, 2) [2.7156166666666673e-05, 2.8190466666666667e-05, 2.8093833333333332e-05, 2.74731e-05, 3.8583e-05, 3.8134300000000005e-05, 2.9187966666666662e-05, 5.7351099999999994e-05]
(1, 32, 14, 14, 16) (32, 32, 1, 1, 4, 16, 4) (1, 1) [1.453706666666667e-05, 1.5175933333333335e-05, 1.51693e-05, 5.101536666666667e-05, 1.6327466666666666e-05, 4.6831333333333333e-05, 5.141256666666667e-05, 1.6240733333333332e-05]
(1, 1, 299, 299, 4) (2, 1, 3, 3, 1, 16, 4) (2, 2) [1.8476733333333332e-05, 1.98315e-05, 1.8850633333333332e-05, 1.8298233333333334e-05, 2.1794566666666666e-05, 2.077936666666667e-05, 2.1041933333333333e-05, 1.6696500000000002e-05]
(1, 4, 58, 58, 16) (4, 4, 3, 3, 4, 16, 4) (1, 1) [3.2488e-05, 2.4589e-05, 2.6204333333333336e-05, 2.656926666666667e-05, 2.5880466666666664e-05, 6.098643333333333e-05, 6.114513333333333e-05, 4.0092800000000003e-05]
(1, 16, 30, 30, 16) (16, 16, 3, 3, 4, 16, 4) (2, 2) [2.8513299999999997e-05, 2.999426666666667e-05, 2.955396666666667e-05, 0.00011748006666666667, 7.6089e-05, 3.0305266666666663e-05, 0.00010111463333333332, 0.00011723046666666668]
(1, 32, 28, 28, 16) (8, 32, 1, 1, 4, 16, 4) (1, 1) [1.4216433333333333e-05, 2.0818666666666664e-05, 1.58633e-05, 4.2539533333333335e-05, 1.5717333333333333e-05, 1.5730266666666667e-05, 3.387123333333333e-05, 3.3759e-05]
(1, 8, 23, 17, 16) (12, 8, 7, 1, 4, 16, 4) (1, 1) [1.964103333333333e-05, 2.3604766666666668e-05, 2.2640199999999997e-05, 5.462133333333333e-05, 1.8003333333333334e-05, 3.6286200000000005e-05, 2.5861233333333336e-05, 7.03333e-05]
(1, 16, 14, 14, 16) (64, 16, 1, 1, 4, 16, 4) (1, 1) [1.93364e-05, 1.6125999999999998e-05, 1.6569566666666668e-05, 5.0380499999999996e-05, 1.579146666666667e-05, 4.61374e-05, 5.05776e-05, 1.6066933333333334e-05]
(1, 4, 56, 56, 16) (16, 4, 1, 1, 4, 16, 4) (1, 1) [1.4063533333333334e-05, 1.63287e-05, 1.633836666666667e-05, 1.6224166666666666e-05, 1.6238133333333336e-05, 1.545296666666667e-05, 1.6434966666666668e-05, 1.5928233333333334e-05]
(1, 32, 28, 28, 16) (64, 32, 1, 1, 4, 16, 4) (2, 2) [3.1692733333333336e-05, 3.0123966666666665e-05, 2.7523000000000007e-05, 9.688400000000002e-05, 2.8445200000000003e-05, 8.849826666666666e-05, 0.00010039013333333334, 3.0239166666666663e-05]
(1, 64, 7, 7, 16) (64, 64, 1, 1, 4, 16, 4) (1, 1) [1.4496533333333334e-05, 2.604003333333333e-05, 2.6306633333333333e-05, 1.8683833333333332e-05, 3.2090499999999994e-05, 2.4849266666666666e-05, 1.94978e-05, 6.362193333333334e-05]
(1, 32, 28, 28, 16) (16, 32, 1, 1, 4, 16, 4) (2, 2) [1.0375466666666666e-05, 1.1201333333333334e-05, 1.1129433333333332e-05, 2.704106666666667e-05, 1.98711e-05, 1.10689e-05, 2.5258333333333335e-05, 2.73746e-05]
(1, 16, 28, 28, 16) (16, 16, 1, 1, 4, 16, 4) (1, 1) [1.6050333333333335e-05, 1.5241933333333334e-05, 4.2260833333333334e-05, 1.5237033333333335e-05, 1.4508333333333335e-05, 3.1212566666666667e-05, 1.6566633333333335e-05, 5.05531e-05]
(1, 8, 17, 23, 16) (8, 8, 1, 7, 4, 16, 4) (1, 1) [1.4913166666666666e-05, 1.696513333333333e-05, 1.6061e-05, 3.605343333333333e-05, 1.3314466666666666e-05, 2.5178233333333336e-05, 3.530683333333334e-05, 1.8492066666666665e-05]
(1, 10, 23, 17, 16) (12, 10, 7, 1, 4, 16, 4) (1, 1) [2.43412e-05, 2.8138933333333336e-05, 2.719543333333333e-05, 6.398473333333332e-05, 2.2220166666666668e-05, 4.530993333333333e-05, 3.2064700000000005e-05, 8.74277e-05]
(1, 64, 14, 14, 16) (128, 64, 1, 1, 4, 16, 4) (2, 2) [2.9410900000000003e-05, 4.91888e-05, 5.0113466666666674e-05, 3.76529e-05, 6.132586666666667e-05, 4.817350000000001e-05, 3.7381933333333335e-05, 0.00012511456666666667]
(1, 24, 10, 8, 16) (24, 24, 3, 1, 4, 16, 4) (1, 1) [9.425933333333334e-06, 1.0100133333333332e-05, 8.850266666666667e-06, 1.2322933333333334e-05, 1.0237166666666667e-05, 1.3917333333333335e-05, 2.070716666666667e-05, 8.9293e-06]
(1, 128, 7, 7, 16) (32, 128, 1, 1, 4, 16, 4) (1, 1) [1.6790733333333335e-05, 2.63522e-05, 2.811946666666667e-05, 2.0764466666666667e-05, 3.255636666666667e-05, 2.6218766666666664e-05, 1.90237e-05, 6.520456666666666e-05]
(1, 2, 28, 28, 16) (12, 2, 1, 1, 4, 16, 4) (1, 1) [4.576800000000001e-06, 6.105933333333334e-06, 4.7913e-06, 8.236433333333333e-06, 5.4182333333333335e-06, 5.068733333333334e-06, 5.776433333333333e-06, 5.8601e-06]
(1, 2, 112, 112, 16) (1, 2, 1, 1, 4, 16, 4) (1, 1) [6.302166666666667e-06, 5.800766666666667e-06, 6.339833333333334e-06, 5.0142e-06, 9.593866666666666e-06, 6.680066666666666e-06, 6.006266666666666e-06, 5.477766666666668e-06]
(1, 32, 7, 7, 16) (128, 32, 1, 1, 4, 16, 4) (1, 1) [1.4869199999999996e-05, 2.5968100000000006e-05, 2.6357766666666667e-05, 1.854933333333333e-05, 3.250196666666667e-05, 2.627386666666667e-05, 1.8097566666666664e-05, 6.330193333333333e-05]
(1, 8, 30, 30, 16) (8, 8, 3, 3, 4, 16, 4) (1, 1) [2.6980099999999996e-05, 4.022963333333334e-05, 2.6495866666666668e-05, 0.0001130371, 2.7718899999999996e-05, 2.819956666666667e-05, 7.330186666666666e-05, 7.441013333333335e-05]
(1, 20, 27, 27, 16) (8, 20, 1, 1, 4, 16, 4) (1, 1) [1.5716366666666667e-05, 1.52425e-05, 1.57821e-05, 2.013456666666667e-05, 1.5248666666666665e-05, 2.5746499999999995e-05, 1.5305266666666667e-05, 2.59469e-05]
(1, 3, 39, 39, 16) (4, 3, 5, 5, 4, 16, 4) (1, 1) [2.18156e-05, 2.8814833333333334e-05, 3.0616266666666674e-05, 8.292513333333332e-05, 2.3655799999999998e-05, 2.20494e-05, 7.320103333333335e-05, 2.879223333333333e-05]
(1, 16, 56, 56, 16) (8, 16, 1, 1, 4, 16, 4) (2, 2) [1.0714100000000001e-05, 1.27441e-05, 1.0696866666666666e-05, 2.2591166666666668e-05, 1.0670966666666667e-05, 1.0502766666666667e-05, 1.86151e-05, 1.8543100000000002e-05]
(1, 4, 58, 58, 16) (4, 4, 3, 3, 4, 16, 4) (1, 1) [2.383116666666667e-05, 2.425503333333333e-05, 2.6637666666666667e-05, 2.637603333333333e-05, 2.58264e-05, 6.157893333333335e-05, 6.13809e-05, 3.910683333333333e-05]
(1, 8, 28, 28, 16) (32, 8, 1, 1, 4, 16, 4) (1, 1) [1.4945766666666665e-05, 1.6081066666666668e-05, 1.5033533333333333e-05, 1.5020066666666665e-05, 1.9261933333333333e-05, 1.91928e-05, 1.5592933333333334e-05, 2.5627266666666668e-05]
(1, 6, 56, 56, 16) (2, 6, 1, 1, 4, 16, 4) (1, 1) [5.0725e-06, 6.706499999999999e-06, 6.620066666666666e-06, 6.690333333333333e-06, 6.340600000000001e-06, 6.7150999999999995e-06, 8.325166666666666e-06, 8.220133333333333e-06]
(1, 36, 14, 14, 16) (4, 36, 1, 1, 4, 16, 4) (1, 1) [5.2811e-06, 5.8138333333333335e-06, 5.832733333333334e-06, 1.1833633333333333e-05, 8.148833333333334e-06, 7.135033333333334e-06, 9.289766666666667e-06, 9.769900000000001e-06]
(1, 2, 56, 56, 12) (9, 2, 1, 1, 3, 16, 4) (1, 1) [6.704133333333333e-06, 6.169833333333332e-06, 6.863400000000001e-06, 6.945e-06, 6.517833333333334e-06, 6.798499999999999e-06, 6.7264666666666665e-06, 6.125233333333334e-06]
(1, 4, 56, 56, 16) (4, 4, 1, 1, 4, 16, 4) (1, 1) [7.2575e-06, 7.784966666666669e-06, 7.667266666666667e-06, 6.687266666666668e-06, 7.876866666666667e-06, 9.753899999999998e-06, 1.0972166666666668e-05, 8.321433333333335e-06]
(1, 16, 16, 16, 16) (16, 16, 3, 3, 4, 16, 4) (1, 1) [2.9244e-05, 2.9949066666666668e-05, 3.0059000000000005e-05, 0.00012876116666666666, 7.624069999999998e-05, 2.9156800000000002e-05, 0.00010795256666666667, 0.00011914389999999999]
(1, 6, 29, 29, 16) (6, 6, 3, 3, 4, 16, 4) (2, 2) [7.668933333333332e-06, 8.410966666666668e-06, 8.088599999999999e-06, 2.1778433333333335e-05, 1.4048899999999999e-05, 8.487166666666666e-06, 1.8868733333333335e-05, 1.96459e-05]
(1, 8, 30, 30, 16) (8, 8, 3, 3, 4, 16, 4) (1, 1) [2.827563333333333e-05, 4.084873333333333e-05, 2.68767e-05, 0.00011491679999999998, 2.8046066666666666e-05, 2.73898e-05, 7.425906666666668e-05, 7.45057e-05]
(1, 64, 14, 14, 16) (16, 64, 1, 1, 4, 16, 4) (1, 1) [1.6599866666666667e-05, 1.7239599999999997e-05, 1.7168233333333336e-05, 5.256196666666667e-05, 3.75616e-05, 1.7824833333333333e-05, 4.7222433333333324e-05, 5.264440000000001e-05]
(1, 128, 8, 8, 16) (24, 128, 1, 1, 4, 16, 4) (1, 1) [1.7145766666666668e-05, 1.690036666666667e-05, 1.6550333333333333e-05, 2.0626100000000002e-05, 1.7105066666666667e-05, 2.0579933333333336e-05, 3.6726399999999994e-05, 1.7096033333333334e-05]
(1, 16, 14, 14, 16) (64, 16, 1, 1, 4, 16, 4) (1, 1) [1.893106666666667e-05, 1.5804766666666668e-05, 1.6307633333333336e-05, 5.0169899999999995e-05, 1.505963333333333e-05, 4.603903333333334e-05, 5.0581966666666664e-05, 1.6818366666666668e-05]
(1, 4, 56, 56, 16) (16, 4, 1, 1, 4, 16, 4) (1, 1) [1.5666333333333336e-05, 1.619483333333333e-05, 1.60908e-05, 1.629016666666667e-05, 1.5607233333333335e-05, 1.68638e-05, 1.6020400000000003e-05, 1.59514e-05]
(1, 128, 8, 8, 16) (20, 128, 1, 1, 4, 16, 4) (1, 1) [1.4585e-05, 1.56742e-05, 1.5714433333333333e-05, 1.7970333333333333e-05, 1.699303333333333e-05, 1.7976466666666666e-05, 3.2537733333333325e-05, 1.7005900000000003e-05]
(1, 12, 17, 17, 16) (20, 12, 3, 3, 4, 16, 4) (2, 2) [1.0292999999999998e-05, 1.1720333333333334e-05, 1.1671900000000001e-05, 1.5980566666666667e-05, 1.1952600000000001e-05, 1.6036466666666668e-05, 2.5493233333333335e-05, 1.2116166666666664e-05]
(1, 48, 17, 17, 16) (12, 48, 1, 1, 4, 16, 4) (1, 1) [1.8490833333333333e-05, 1.9662133333333336e-05, 2.0008333333333333e-05, 4.9917266666666664e-05, 1.6778166666666668e-05, 3.283393333333333e-05, 2.2981733333333334e-05, 5.9454566666666665e-05]
(1, 32, 16, 16, 16) (32, 32, 3, 3, 4, 16, 4) (2, 2) [2.978593333333333e-05, 5.6328199999999994e-05, 5.834376666666667e-05, 4.687076666666667e-05, 7.143556666666666e-05, 5.3378766666666664e-05, 4.390073333333334e-05, 0.00014512683333333336]
(1, 64, 7, 7, 16) (8, 64, 1, 1, 4, 16, 4) (1, 1) [5.63e-06, 6.878866666666668e-06, 7.9554e-06, 7.173433333333333e-06, 7.512400000000001e-06, 7.188833333333335e-06, 7.027233333333333e-06, 1.2084566666666666e-05]
(1, 1, 230, 230, 4) (4, 1, 7, 7, 1, 16, 4) (2, 2) [3.273466666666666e-05, 3.0286599999999996e-05, 3.0017633333333335e-05, 3.392636666666667e-05, 3.346523333333333e-05, 3.017453333333334e-05, 4.7851933333333335e-05, 3.088243333333334e-05]
(1, 128, 7, 7, 16) (32, 128, 1, 1, 4, 16, 4) (1, 1) [1.4937266666666668e-05, 2.7555399999999997e-05, 2.7527433333333337e-05, 1.9255766666666666e-05, 3.2035433333333335e-05, 2.6010800000000005e-05, 1.8517233333333333e-05, 6.596026666666667e-05]
(1, 12, 17, 17, 16) (12, 12, 3, 3, 4, 16, 4) (2, 2) [8.742233333333336e-06, 9.096300000000001e-06, 7.983266666666665e-06, 1.0966466666666666e-05, 9.0291e-06, 1.092e-05, 1.6917866666666666e-05, 8.414633333333334e-06]
(1, 80, 8, 8, 16) (12, 80, 1, 1, 4, 16, 4) (1, 1) [8.646699999999998e-06, 7.835966666666666e-06, 7.485766666666667e-06, 8.951333333333334e-06, 7.4613333333333334e-06, 8.986999999999999e-06, 1.6177333333333332e-05, 8.533499999999999e-06]
(1, 4, 56, 56, 16) (8, 4, 1, 1, 4, 16, 4) (1, 1) [9.936199999999998e-06, 1.0599766666666666e-05, 1.1337066666666667e-05, 1.0231e-05, 9.806300000000001e-06, 1.0723000000000002e-05, 9.835333333333332e-06, 1.00821e-05]
(1, 32, 28, 28, 16) (8, 32, 1, 1, 4, 16, 4) (1, 1) [1.4225666666666667e-05, 1.9659566666666664e-05, 1.4599233333333336e-05, 4.0901299999999994e-05, 1.5817933333333333e-05, 1.5030566666666668e-05, 3.36691e-05, 3.4922133333333336e-05]
(1, 12, 16, 16, 16) (12, 12, 3, 3, 4, 16, 4) (1, 1) [1.916343333333333e-05, 1.8120466666666667e-05, 1.7323833333333332e-05, 8.028966666666666e-05, 4.34731e-05, 1.9418699999999998e-05, 7.124026666666666e-05, 7.088363333333333e-05]
(1, 32, 16, 16, 16) (32, 32, 3, 3, 4, 16, 4) (2, 2) [2.91688e-05, 5.63722e-05, 5.867309999999999e-05, 4.66565e-05, 7.088799999999999e-05, 5.366506666666666e-05, 4.3434466666666666e-05, 0.00014502853333333332]
(1, 8, 29, 29, 16) (10, 8, 3, 3, 4, 16, 4) (2, 2) [1.2153166666666667e-05, 1.1772933333333334e-05, 1.2134966666666666e-05, 4.744696666666666e-05, 2.610966666666667e-05, 1.2439966666666666e-05, 4.011736666666667e-05, 4.02156e-05]
(1, 6, 14, 14, 16) (36, 6, 1, 1, 4, 16, 4) (1, 1) [6.2871666666666655e-06, 5.978933333333333e-06, 7.0418999999999994e-06, 1.5375933333333336e-05, 7.179233333333334e-06, 1.3786866666666667e-05, 1.4437100000000001e-05, 7.048333333333333e-06]
(1, 32, 28, 28, 16) (16, 32, 1, 1, 4, 16, 4) (2, 2) [1.0772966666666667e-05, 1.1072166666666667e-05, 1.07745e-05, 2.79454e-05, 2.0089199999999997e-05, 1.1148099999999997e-05, 2.51547e-05, 2.7490466666666667e-05]
(1, 128, 7, 7, 16) (32, 128, 1, 1, 4, 16, 4) (1, 1) [1.4693366666666667e-05, 2.7210433333333326e-05, 2.9209033333333338e-05, 1.91983e-05, 3.371803333333333e-05, 2.6684866666666666e-05, 1.847993333333334e-05, 6.569306666666668e-05]
(1, 64, 14, 14, 16) (128, 64, 1, 1, 4, 16, 4) (2, 2) [3.1578133333333335e-05, 4.986766666666667e-05, 5.012219999999999e-05, 3.9114566666666666e-05, 6.208030000000001e-05, 4.80863e-05, 3.769883333333333e-05, 0.00012469136666666666]
(1, 32, 9, 9, 16) (32, 32, 3, 3, 4, 16, 4) (1, 1) [2.7879266666666662e-05, 5.5120899999999996e-05, 5.749986666666667e-05, 4.229123333333334e-05, 7.04546e-05, 5.416083333333333e-05, 3.922516666666667e-05, 0.0001447596]
(1, 32, 7, 7, 16) (128, 32, 1, 1, 4, 16, 4) (1, 1) [1.5111566666666664e-05, 2.6395733333333335e-05, 2.5305200000000003e-05, 1.8643299999999998e-05, 3.192816666666667e-05, 2.4633333333333334e-05, 1.81839e-05, 6.251540000000001e-05]
(1, 12, 27, 27, 16) (2, 12, 1, 1, 4, 16, 4) (1, 1) [5.724933333333334e-06, 6.005133333333333e-06, 5.676133333333333e-06, 5.895999999999999e-06, 6.053e-06, 6.0380000000000005e-06, 6.141000000000001e-06, 5.649066666666668e-06]
(1, 16, 16, 16, 16) (32, 16, 3, 3, 4, 16, 4) (2, 2) [1.7026866666666668e-05, 2.9982600000000007e-05, 3.1306699999999996e-05, 2.5218e-05, 3.644896666666666e-05, 2.8859866666666664e-05, 2.2919799999999997e-05, 7.318413333333333e-05]
(1, 80, 8, 8, 16) (28, 80, 1, 1, 4, 16, 4) (1, 1) [1.3757133333333334e-05, 1.4683500000000003e-05, 1.4168133333333332e-05, 1.625393333333333e-05, 1.4306366666666666e-05, 1.692246666666667e-05, 2.6943733333333334e-05, 1.673746666666667e-05]
(1, 8, 28, 28, 16) (32, 8, 1, 1, 4, 16, 4) (1, 1) [1.4544233333333337e-05, 1.65221e-05, 1.4932033333333334e-05, 1.6255766666666668e-05, 1.951733333333333e-05, 1.8638666666666668e-05, 1.5586166666666667e-05, 2.62999e-05]
(1, 24, 8, 10, 16) (24, 24, 1, 3, 4, 16, 4) (1, 1) [1.0262100000000001e-05, 9.767700000000001e-06, 8.232433333333333e-06, 1.2075866666666667e-05, 9.8102e-06, 1.30233e-05, 1.9998133333333334e-05, 8.820233333333334e-06]
(1, 4, 56, 56, 16) (4, 4, 1, 1, 4, 16, 4) (1, 1) [7.4921e-06, 7.7503e-06, 7.733166666666666e-06, 7.688133333333335e-06, 7.724666666666667e-06, 9.782933333333334e-06, 1.0906899999999999e-05, 8.183833333333333e-06]
(1, 24, 14, 14, 16) (6, 24, 1, 1, 4, 16, 4) (1, 1) [5.594633333333334e-06, 6.191333333333335e-06, 6.215833333333333e-06, 1.1562499999999998e-05, 7.926900000000002e-06, 5.3001e-06, 9.7063e-06, 8.517066666666667e-06]
(1, 36, 14, 14, 16) (14, 36, 1, 1, 4, 16, 4) (1, 1) [1.0507866666666666e-05, 1.0791933333333333e-05, 1.0642966666666666e-05, 2.7103033333333335e-05, 1.892006666666667e-05, 1.1657166666666667e-05, 2.6336666666666665e-05, 2.60697e-05]
(1, 16, 16, 16, 16) (16, 16, 3, 3, 4, 16, 4) (1, 1) [3.08824e-05, 2.9720033333333333e-05, 2.9961666666666665e-05, 0.00013119876666666663, 7.64507e-05, 2.953233333333333e-05, 0.00010727003333333333, 0.00011826909999999998]
(1, 38, 14, 14, 16) (12, 38, 1, 1, 4, 16, 4) (1, 1) [7.8781e-06, 9.061166666666667e-06, 1.0241100000000001e-05, 2.3757933333333332e-05, 1.7335466666666667e-05, 1.03589e-05, 2.4050700000000003e-05, 2.4406366666666664e-05]
(1, 16, 14, 14, 16) (32, 16, 1, 1, 4, 16, 4) (1, 1) [9.635866666666665e-06, 1.0583633333333335e-05, 1.03936e-05, 2.7117500000000003e-05, 9.966966666666666e-06, 2.6765933333333334e-05, 2.6837633333333335e-05, 1.0111433333333335e-05]
(1, 36, 14, 14, 16) (12, 36, 1, 1, 4, 16, 4) (1, 1) [8.571766666666666e-06, 9.513100000000002e-06, 1.0014766666666668e-05, 2.3910333333333334e-05, 1.6662600000000002e-05, 1.0170433333333333e-05, 2.2554199999999998e-05, 2.2713166666666665e-05]
(1, 10, 17, 23, 16) (12, 10, 1, 7, 4, 16, 4) (1, 1) [2.3207499999999998e-05, 2.8384066666666668e-05, 2.68489e-05, 6.623196666666666e-05, 2.2154133333333332e-05, 4.00074e-05, 3.243796666666666e-05, 8.649116666666667e-05]
(1, 1, 230, 230, 4) (4, 1, 7, 7, 1, 16, 4) (2, 2) [3.253286666666667e-05, 3.1358033333333334e-05, 3.022563333333333e-05, 3.37059e-05, 3.3533133333333326e-05, 3.016876666666667e-05, 4.7731633333333336e-05, 3.0303300000000002e-05]
(1, 64, 14, 14, 16) (16, 64, 1, 1, 4, 16, 4) (1, 1) [1.6781066666666668e-05, 1.6442799999999998e-05, 1.7049866666666667e-05, 5.091413333333332e-05, 3.76034e-05, 1.6436199999999997e-05, 4.840366666666666e-05, 5.2943833333333326e-05]
(1, 32, 28, 28, 16) (8, 32, 1, 1, 4, 16, 4) (1, 1) [1.35323e-05, 2.0831366666666665e-05, 1.4632966666666667e-05, 4.17481e-05, 1.5798666666666665e-05, 1.5991466666666664e-05, 3.3931066666666664e-05, 3.418556666666667e-05]
(1, 32, 7, 7, 16) (64, 32, 1, 1, 4, 16, 4) (1, 1) [8.355133333333334e-06, 1.6389866666666667e-05, 1.57133e-05, 1.13889e-05, 1.8314199999999998e-05, 1.4981666666666666e-05, 1.1618966666666667e-05, 3.374303333333333e-05]
(1, 36, 7, 7, 16) (10, 36, 1, 1, 4, 16, 4) (1, 1) [4.695033333333333e-06, 6.191966666666667e-06, 6.1875e-06, 6.139466666666666e-06, 5.331433333333333e-06, 5.4537e-06, 6.3169666666666656e-06, 8.281833333333334e-06]
(1, 48, 17, 17, 16) (10, 48, 1, 1, 4, 16, 4) (1, 1) [1.62008e-05, 1.70705e-05, 1.699723333333333e-05, 3.988513333333333e-05, 1.4844966666666666e-05, 2.7755199999999998e-05, 3.7837966666666666e-05, 2.1059e-05]
(1, 8, 28, 28, 16) (16, 8, 1, 1, 4, 16, 4) (1, 1) [9.097833333333335e-06, 1.0463433333333336e-05, 2.3924e-05, 1.0402766666666668e-05, 1.0398533333333334e-05, 1.690056666666667e-05, 1.0719766666666669e-05, 2.5632900000000003e-05]
(1, 60, 7, 7, 16) (20, 60, 1, 1, 4, 16, 4) (1, 1) [8.490733333333333e-06, 1.0410400000000001e-05, 1.03529e-05, 9.531100000000001e-06, 1.1679166666666668e-05, 1.0171366666666665e-05, 9.517666666666665e-06, 2.0797366666666665e-05]
(1, 32, 7, 7, 16) (128, 32, 1, 1, 4, 16, 4) (1, 1) [1.3403566666666665e-05, 2.6469133333333337e-05, 2.6481066666666666e-05, 1.8587566666666668e-05, 3.34674e-05, 2.5504066666666665e-05, 1.7274166666666665e-05, 6.369273333333333e-05]
(1, 32, 28, 28, 16) (8, 32, 1, 1, 4, 16, 4) (1, 1) [1.4885866666666664e-05, 1.9713033333333333e-05, 1.5444666666666668e-05, 4.129023333333333e-05, 1.65302e-05, 1.5120166666666665e-05, 3.3638633333333334e-05, 3.4057300000000003e-05]
(1, 38, 14, 14, 16) (8, 38, 1, 1, 4, 16, 4) (1, 1) [7.406133333333333e-06, 8.488733333333332e-06, 6.8166333333333335e-06, 1.7827433333333335e-05, 1.3529433333333335e-05, 7.738866666666668e-06, 1.7287933333333334e-05, 1.72995e-05]
(1, 32, 28, 28, 16) (64, 32, 1, 1, 4, 16, 4) (2, 2) [2.71483e-05, 2.9504066666666664e-05, 2.8040666666666667e-05, 9.586936666666666e-05, 2.810906666666667e-05, 8.763066666666667e-05, 0.00010119059999999999, 3.0945966666666665e-05]
(1, 10, 16, 16, 16) (10, 10, 3, 3, 4, 16, 4) (1, 1) [1.452986666666667e-05, 1.3629133333333335e-05, 1.3561566666666666e-05, 6.0860433333333324e-05, 3.1521166666666666e-05, 1.348386666666667e-05, 4.929746666666666e-05, 4.914783333333333e-05]
(1, 12, 9, 9, 16) (20, 12, 3, 3, 4, 16, 4) (1, 1) [9.633799999999999e-06, 1.6229666666666665e-05, 1.6940733333333335e-05, 1.3856433333333333e-05, 1.914073333333333e-05, 1.6160433333333332e-05, 1.32974e-05, 3.60558e-05]
(1, 4, 29, 29, 16) (4, 4, 3, 3, 4, 16, 4) (1, 1) [1.4333033333333332e-05, 2.7086799999999996e-05, 1.4121200000000001e-05, 1.4982399999999997e-05, 2.822276666666666e-05, 2.6981333333333332e-05, 2.215863333333333e-05, 1.6083633333333333e-05]
(1, 16, 56, 56, 16) (4, 16, 1, 1, 4, 16, 4) (1, 1) [1.5131966666666663e-05, 1.51284e-05, 1.52656e-05, 1.5557399999999998e-05, 1.5578333333333333e-05, 2.825236666666667e-05, 2.8359866666666666e-05, 1.9741200000000003e-05]
(1, 32, 7, 7, 16) (128, 32, 1, 1, 4, 16, 4) (1, 1) [1.38362e-05, 2.5966000000000005e-05, 2.5319566666666664e-05, 1.91678e-05, 3.2508099999999995e-05, 2.5686600000000002e-05, 1.8137766666666664e-05, 6.248196666666668e-05]
(1, 4, 37, 37, 16) (6, 4, 3, 3, 4, 16, 4) (1, 1) [1.703123333333333e-05, 2.2114766666666667e-05, 2.3576333333333333e-05, 6.291793333333333e-05, 1.7841066666666668e-05, 1.9099399999999995e-05, 5.37223e-05, 2.210376666666667e-05]
(1, 16, 16, 16, 16) (16, 16, 3, 3, 4, 16, 4) (1, 1) [3.267826666666667e-05, 3.010693333333333e-05, 3.154513333333333e-05, 0.00012579400000000004, 7.617183333333333e-05, 2.9313299999999996e-05, 0.00010738713333333333, 0.00011844753333333333]
(1, 16, 56, 56, 16) (8, 16, 1, 1, 4, 16, 4) (1, 1) [2.5494966666666666e-05, 2.5792866666666668e-05, 2.5655366666666665e-05, 2.545376666666667e-05, 2.7540233333333328e-05, 2.5790866666666664e-05, 2.6005033333333333e-05, 2.5736600000000004e-05]
(1, 64, 14, 14, 16) (16, 64, 1, 1, 4, 16, 4) (1, 1) [1.55766e-05, 1.700313333333333e-05, 1.79178e-05, 5.078606666666666e-05, 4.006463333333333e-05, 1.6529833333333336e-05, 4.903480000000001e-05, 5.243426666666667e-05]
(1, 9, 28, 28, 16) (2, 9, 1, 1, 4, 16, 4) (1, 1) [5.003200000000001e-06, 5.218333333333333e-06, 4.093333333333333e-06, 7.271566666666665e-06, 5.454033333333334e-06, 4.161933333333333e-06, 4.2315999999999994e-06, 5.424666666666667e-06]
(1, 80, 8, 8, 16) (24, 80, 1, 1, 4, 16, 4) (1, 1) [1.28033e-05, 1.1879799999999998e-05, 1.26611e-05, 1.4531899999999999e-05, 1.2332466666666666e-05, 1.431736666666667e-05, 2.4872733333333333e-05, 1.3204299999999998e-05]
(1, 4, 56, 56, 16) (8, 4, 1, 1, 4, 16, 4) (2, 2) [4.767166666666667e-06, 6.748366666666666e-06, 6.005633333333332e-06, 1.0155866666666667e-05, 6.059233333333333e-06, 6.095966666666666e-06, 8.1276e-06, 7.614500000000001e-06]
(1, 16, 16, 16, 16) (16, 16, 3, 3, 4, 16, 4) (1, 1) [3.1405e-05, 3.0206333333333336e-05, 3.0092300000000003e-05, 0.000133194, 7.649020000000001e-05, 2.9713666666666666e-05, 0.00010664890000000001, 0.00011810663333333333]
(1, 16, 56, 56, 16) (8, 16, 1, 1, 4, 16, 4) (1, 1) [2.6323333333333336e-05, 2.6326699999999996e-05, 2.5507666666666666e-05, 2.481326666666667e-05, 2.54521e-05, 2.5418099999999996e-05, 2.5132466666666664e-05, 2.6194633333333335e-05]
(1, 8, 16, 16, 16) (12, 8, 3, 3, 4, 16, 4) (2, 2) [7.1183333333333335e-06, 9.310733333333332e-06, 9.825933333333334e-06, 7.843633333333334e-06, 1.0604233333333334e-05, 8.821033333333332e-06, 9.192433333333334e-06, 1.60443e-05]
(1, 10, 17, 23, 16) (10, 10, 1, 7, 4, 16, 4) (1, 1) [2.04427e-05, 2.3260199999999998e-05, 2.369733333333333e-05, 5.51868e-05, 1.9560099999999996e-05, 3.2778200000000004e-05, 5.482456666666666e-05, 2.7249966666666668e-05]
(1, 16, 35, 35, 16) (4, 16, 1, 1, 4, 16, 4) (1, 1) [8.551066666666665e-06, 8.813199999999999e-06, 1.0413733333333333e-05, 2.044553333333333e-05, 7.967199999999999e-06, 8.958366666666667e-06, 2.1818433333333338e-05, 1.0090166666666665e-05]
(1, 32, 9, 9, 16) (32, 32, 3, 3, 4, 16, 4) (1, 1) [2.7836066666666666e-05, 5.4346233333333325e-05, 5.66063e-05, 4.332883333333333e-05, 6.98733e-05, 5.3293833333333335e-05, 3.9194566666666666e-05, 0.00014504443333333334]
(1, 64, 14, 14, 16) (16, 64, 1, 1, 4, 16, 4) (1, 1) [1.835883333333333e-05, 1.7723733333333334e-05, 1.650693333333333e-05, 5.3012199999999994e-05, 3.994603333333333e-05, 1.6600299999999998e-05, 4.7598533333333335e-05, 5.21938e-05]
(1, 128, 8, 8, 16) (28, 128, 1, 1, 4, 16, 4) (1, 1) [1.9709600000000002e-05, 2.0972699999999997e-05, 2.019763333333333e-05, 2.22902e-05, 2.0266833333333334e-05, 2.4753833333333333e-05, 4.1857466666666664e-05, 2.3408866666666665e-05]
(1, 16, 56, 56, 16) (32, 16, 1, 1, 4, 16, 4) (2, 2) [3.0868966666666665e-05, 2.7462999999999998e-05, 2.761553333333333e-05, 2.89204e-05, 3.916730000000001e-05, 3.8387366666666664e-05, 2.8822433333333334e-05, 5.753706666666667e-05]
(1, 32, 28, 28, 16) (16, 32, 1, 1, 4, 16, 4) (1, 1) [2.6856533333333333e-05, 2.5584400000000002e-05, 7.885703333333332e-05, 2.5737233333333335e-05, 2.56528e-05, 5.983123333333333e-05, 2.6876333333333336e-05, 0.00010090349999999999]
(1, 4, 58, 58, 16) (4, 4, 3, 3, 4, 16, 4) (1, 1) [2.400823333333334e-05, 2.4287733333333335e-05, 2.6262033333333334e-05, 2.6327666666666665e-05, 2.715106666666666e-05, 6.111453333333333e-05, 6.124003333333332e-05, 3.981513333333333e-05]
(1, 16, 14, 14, 16) (64, 16, 1, 1, 4, 16, 4) (1, 1) [1.6404833333333336e-05, 1.57782e-05, 1.59821e-05, 5.036273333333334e-05, 1.5072533333333334e-05, 4.754756666666666e-05, 5.024523333333334e-05, 1.75858e-05]
(1, 1, 226, 226, 4) (2, 1, 3, 3, 1, 16, 4) (2, 2) [8.094266666666666e-06, 7.105399999999999e-06, 7.907400000000002e-06, 7.650866666666665e-06, 7.333799999999999e-06, 7.3571e-06, 6.830466666666667e-06, 6.229633333333334e-06]
(1, 4, 56, 56, 16) (16, 4, 1, 1, 4, 16, 4) (1, 1) [2.5418733333333335e-05, 1.6066333333333332e-05, 1.62367e-05, 1.5972066666666666e-05, 1.652e-05, 1.6292033333333333e-05, 1.6290866666666663e-05, 1.5468766666666667e-05]
(1, 12, 35, 35, 16) (3, 12, 1, 1, 4, 16, 4) (1, 1) [7.663166666666668e-06, 7.4989333333333346e-06, 7.172000000000001e-06, 1.3515166666666669e-05, 7.222266666666667e-06, 7.190166666666667e-06, 1.36603e-05, 7.615699999999998e-06]
(1, 10, 7, 7, 16) (60, 10, 1, 1, 4, 16, 4) (1, 1) [5.512333333333333e-06, 7.5711333333333345e-06, 7.4883333333333325e-06, 5.6319e-06, 7.370466666666668e-06, 6.369866666666666e-06, 6.911499999999999e-06, 1.1350366666666666e-05]
(1, 8, 23, 17, 16) (8, 8, 7, 1, 4, 16, 4) (1, 1) [1.3782700000000001e-05, 1.7533766666666665e-05, 1.705163333333333e-05, 3.6837766666666675e-05, 1.3158900000000002e-05, 2.2267533333333333e-05, 3.607143333333333e-05, 1.8472666666666667e-05]
(1, 14, 9, 9, 16) (14, 14, 3, 3, 4, 16, 4) (1, 1) [9.219866666666666e-06, 1.51705e-05, 1.619426666666667e-05, 1.2690433333333333e-05, 1.7408133333333334e-05, 1.4731299999999999e-05, 1.3552099999999999e-05, 3.255393333333333e-05]
(1, 64, 7, 7, 16) (12, 64, 1, 1, 4, 16, 4) (1, 1) [8.3696e-06, 8.967266666666665e-06, 8.086900000000002e-06, 7.181533333333334e-06, 9.740766666666667e-06, 8.484633333333333e-06, 8.345966666666668e-06, 1.4490666666666665e-05]
(1, 4, 73, 73, 16) (5, 4, 1, 1, 4, 16, 4) (1, 1) [2.2513533333333334e-05, 2.0226533333333334e-05, 1.9383199999999998e-05, 1.9030799999999997e-05, 2.112913333333333e-05, 2.0133333333333333e-05, 1.9493666666666666e-05, 2.5580200000000003e-05]
(1, 80, 1, 1, 16) (63, 80, 1, 1, 4, 16, 4) (1, 1) [5.1047000000000004e-06, 3.7505e-06, 7.990133333333333e-06, 7.329333333333334e-06, 4.333866666666667e-06, 4.2742666666666665e-06, 4.688866666666666e-06, 3.910866666666667e-06]
(1, 32, 28, 28, 16) (16, 32, 1, 1, 4, 16, 4) (1, 1) [2.52858e-05, 2.5913366666666668e-05, 8.03772e-05, 2.5743366666666668e-05, 2.5500233333333337e-05, 6.092879999999999e-05, 2.644733333333333e-05, 0.00010425366666666667]
(1, 8, 30, 30, 16) (8, 8, 3, 3, 4, 16, 4) (1, 1) [2.6454733333333333e-05, 4.012e-05, 2.6835299999999997e-05, 0.0001115678, 2.7868466666666666e-05, 2.8312866666666664e-05, 7.418076666666666e-05, 7.406773333333333e-05]
(1, 1, 230, 230, 4) (4, 1, 7, 7, 1, 16, 4) (2, 2) [3.249683333333334e-05, 3.02818e-05, 3.02688e-05, 3.345843333333333e-05, 3.340893333333334e-05, 3.0915833333333326e-05, 4.836526666666667e-05, 3.0268833333333327e-05]
(1, 64, 14, 14, 16) (32, 64, 1, 1, 4, 16, 4) (2, 2) [1.1380166666666666e-05, 1.6115566666666665e-05, 1.6461033333333334e-05, 1.4806500000000001e-05, 1.8741466666666663e-05, 1.5289966666666664e-05, 1.3425533333333332e-05, 3.345086666666666e-05]
(1, 8, 30, 30, 16) (16, 8, 3, 3, 4, 16, 4) (2, 2) [1.5391133333333332e-05, 1.687533333333333e-05, 1.6900900000000003e-05, 5.901003333333333e-05, 3.9522533333333326e-05, 1.6295333333333333e-05, 5.10847e-05, 5.958270000000001e-05]
(1, 6, 29, 29, 16) (6, 6, 3, 3, 4, 16, 4) (1, 1) [2.87793e-05, 2.922246666666667e-05, 2.860996666666667e-05, 4.410146666666667e-05, 2.974223333333333e-05, 6.237673333333332e-05, 2.9115466666666666e-05, 6.461813333333333e-05]
(1, 4, 29, 29, 16) (6, 4, 3, 3, 4, 16, 4) (1, 1) [1.9981566666666665e-05, 2.0717766666666667e-05, 2.07575e-05, 3.0176033333333337e-05, 2.0619733333333332e-05, 4.0381166666666665e-05, 1.9709499999999998e-05, 4.164723333333334e-05]
(1, 16, 56, 56, 16) (4, 16, 1, 1, 4, 16, 4) (1, 1) [1.566626666666667e-05, 1.5194333333333335e-05, 1.5529266666666667e-05, 1.4625e-05, 1.5319633333333335e-05, 2.91249e-05, 2.9074200000000004e-05, 2.0340433333333333e-05]
(1, 8, 16, 16, 16) (8, 8, 3, 3, 4, 16, 4) (1, 1) [1.1263133333333334e-05, 1.13848e-05, 1.1258733333333335e-05, 3.724546666666667e-05, 2.195006666666667e-05, 1.15355e-05, 3.215513333333333e-05, 3.279676666666667e-05]
(1, 66, 7, 7, 16) (22, 66, 1, 1, 4, 16, 4) (1, 1) [7.641633333333333e-06, 1.3604533333333332e-05, 1.2977966666666667e-05, 1.0468766666666667e-05, 1.4211166666666669e-05, 1.22207e-05, 9.987966666666667e-06, 2.502123333333333e-05]
(1, 2, 149, 149, 16) (4, 2, 3, 3, 4, 16, 4) (1, 1) [8.106556666666667e-05, 8.16569e-05, 8.153553333333335e-05, 8.133443333333333e-05, 8.960759999999999e-05, 0.00015473359999999999, 0.00015536946666666666, 9.137799999999999e-05]
(1, 36, 14, 14, 16) (8, 36, 1, 1, 4, 16, 4) (1, 1) [7.694333333333334e-06, 7.648866666666667e-06, 8.041466666666666e-06, 1.7702533333333335e-05, 1.2531966666666665e-05, 7.872666666666667e-06, 1.6395766666666666e-05, 1.616173333333333e-05]
(1, 4, 58, 58, 16) (4, 4, 3, 3, 4, 16, 4) (1, 1) [2.7221900000000004e-05, 2.4506299999999996e-05, 2.6174366666666665e-05, 2.61604e-05, 2.6861433333333333e-05, 6.0833200000000006e-05, 6.0638e-05, 3.9519833333333334e-05]
(1, 20, 27, 27, 16) (4, 20, 1, 1, 4, 16, 4) (1, 1) [1.0258566666666667e-05, 1.4477066666666666e-05, 9.504900000000001e-06, 1.0354533333333334e-05, 1.4451666666666666e-05, 1.4047266666666667e-05, 1.2547266666666668e-05, 1.0451599999999998e-05]
(1, 8, 16, 16, 16) (12, 8, 3, 3, 4, 16, 4) (1, 1) [1.3441766666666667e-05, 1.2782e-05, 1.2723066666666668e-05, 5.1357433333333344e-05, 2.9749266666666663e-05, 1.3552466666666666e-05, 4.6214866666666664e-05, 4.71714e-05]
(1, 20, 7, 7, 16) (80, 20, 1, 1, 4, 16, 4) (1, 1) [7.991400000000001e-06, 1.24976e-05, 1.3100866666666665e-05, 1.0549266666666667e-05, 1.4567900000000002e-05, 1.2949066666666668e-05, 9.308766666666666e-06, 2.605006666666667e-05]
(1, 32, 9, 9, 16) (32, 32, 3, 3, 4, 16, 4) (1, 1) [2.95519e-05, 5.483966666666667e-05, 5.7212633333333335e-05, 4.24475e-05, 7.032496666666666e-05, 5.328230000000001e-05, 3.953083333333333e-05, 0.00014677716666666664]
(1, 64, 14, 14, 16) (128, 64, 1, 1, 4, 16, 4) (2, 2) [2.993656666666667e-05, 4.921166666666667e-05, 5.013216666666666e-05, 3.847103333333334e-05, 6.041183333333332e-05, 4.796886666666666e-05, 3.78291e-05, 0.00012504996666666665]
(1, 4, 14, 14, 16) (24, 4, 1, 1, 4, 16, 4) (1, 1) [5.4771000000000005e-06, 5.383966666666666e-06, 5.368566666666667e-06, 8.877133333333334e-06, 5.820366666666668e-06, 5.4373666666666656e-06, 8.2858e-06, 1.08132e-05]
(1, 4, 58, 58, 16) (4, 4, 3, 3, 4, 16, 4) (1, 1) [2.4131400000000004e-05, 2.5152533333333334e-05, 2.6212166666666673e-05, 2.634443333333333e-05, 2.6562800000000003e-05, 6.19965e-05, 6.177523333333334e-05, 3.9906633333333335e-05]
(1, 8, 30, 30, 16) (8, 8, 3, 3, 4, 16, 4) (1, 1) [2.6581433333333333e-05, 4.129486666666667e-05, 2.6877566666666665e-05, 0.00011024986666666666, 2.799143333333333e-05, 2.782016666666667e-05, 7.40664e-05, 7.345633333333333e-05]
(1, 8, 28, 28, 16) (32, 8, 1, 1, 4, 16, 4) (1, 1) [1.5735566666666665e-05, 1.57837e-05, 1.5756866666666668e-05, 1.5675499999999996e-05, 1.91895e-05, 1.9299800000000005e-05, 1.553593333333333e-05, 2.5594766666666668e-05]
(1, 16, 56, 56, 16) (4, 16, 1, 1, 4, 16, 4) (1, 1) [1.4657299999999996e-05, 1.444846666666667e-05, 1.5512666666666668e-05, 1.5142933333333334e-05, 1.592823333333333e-05, 3.00145e-05, 2.9585100000000002e-05, 2.02324e-05]
(1, 64, 14, 14, 16) (128, 64, 1, 1, 4, 16, 4) (2, 2) [3.0855866666666664e-05, 4.912369999999999e-05, 5.0568599999999996e-05, 3.770223333333333e-05, 6.220193333333335e-05, 4.7316400000000007e-05, 3.70932e-05, 0.0001247618]
(1, 38, 14, 14, 16) (6, 38, 1, 1, 4, 16, 4) (1, 1) [6.6898e-06, 6.435300000000001e-06, 6.373033333333333e-06, 1.5098533333333335e-05, 1.0211466666666665e-05, 6.3604999999999995e-06, 1.3227233333333333e-05, 1.3512799999999999e-05]
(1, 12, 16, 16, 16) (16, 12, 3, 3, 4, 16, 4) (1, 1) [2.31624e-05, 2.3806633333333333e-05, 2.34714e-05, 0.00010725663333333332, 5.733423333333334e-05, 2.3356200000000002e-05, 8.0123e-05, 8.849066666666666e-05]
(1, 12, 17, 23, 16) (12, 12, 1, 7, 4, 16, 4) (1, 1) [2.7735399999999995e-05, 3.308843333333333e-05, 3.1444166666666666e-05, 7.758296666666668e-05, 2.5209033333333332e-05, 5.029549999999999e-05, 3.9119133333333336e-05, 0.00010368606666666666]
(1, 4, 57, 57, 16) (12, 4, 3, 3, 4, 16, 4) (1, 1) [9.072646666666667e-05, 8.990813333333333e-05, 9.610973333333333e-05, 0.00010551116666666669, 0.00031709373333333336, 0.000316745, 0.00031664313333333333, 0.0003168873666666666]
(1, 6, 37, 37, 16) (6, 6, 3, 3, 4, 16, 4) (1, 1) [2.3940999999999997e-05, 3.154060000000001e-05, 3.305143333333334e-05, 9.485483333333334e-05, 2.497753333333333e-05, 2.3923499999999995e-05, 8.143496666666666e-05, 3.0602566666666664e-05]
(1, 4, 56, 56, 16) (4, 4, 1, 1, 4, 16, 4) (1, 1) [6.3032333333333335e-06, 7.816166666666665e-06, 7.346599999999999e-06, 7.1098999999999995e-06, 7.6799e-06, 1.1619700000000002e-05, 1.10395e-05, 7.224933333333333e-06]
(1, 8, 56, 56, 16) (8, 8, 1, 1, 4, 16, 4) (1, 1) [1.5208033333333334e-05, 1.5590033333333335e-05, 1.56307e-05, 1.5399066666666666e-05, 1.5371066666666662e-05, 1.54192e-05, 1.54345e-05, 1.43374e-05]
(1, 8, 30, 30, 16) (8, 8, 3, 3, 4, 16, 4) (1, 1) [2.5799333333333336e-05, 4.0949766666666665e-05, 2.6872866666666668e-05, 0.00010926393333333335, 2.73015e-05, 2.731743333333333e-05, 7.377706666666666e-05, 7.408523333333335e-05]
(1, 1, 230, 230, 4) (4, 1, 7, 7, 1, 16, 4) (2, 2) [3.289396666666667e-05, 3.10252e-05, 3.072986666666667e-05, 3.292453333333333e-05, 3.32415e-05, 3.0751866666666666e-05, 4.7971533333333326e-05, 3.0313966666666665e-05]
(1, 128, 7, 7, 16) (32, 128, 1, 1, 4, 16, 4) (1, 1) [1.5435733333333332e-05, 2.6603266666666666e-05, 2.7781066666666667e-05, 2.1661400000000002e-05, 3.253333333333333e-05, 2.6063266666666665e-05, 1.8962799999999997e-05, 6.57311e-05]
(1, 64, 14, 14, 16) (32, 64, 1, 1, 4, 16, 4) (2, 2) [1.0946999999999999e-05, 1.50952e-05, 1.640136666666667e-05, 1.3207266666666665e-05, 1.9415033333333336e-05, 1.5246999999999998e-05, 1.3923099999999999e-05, 3.3629166666666666e-05]
(1, 8, 28, 28, 16) (32, 8, 1, 1, 4, 16, 4) (1, 1) [1.39197e-05, 1.6255433333333334e-05, 1.5609866666666668e-05, 1.57723e-05, 1.8594166666666666e-05, 1.8588266666666666e-05, 1.6555533333333334e-05, 2.6117266666666668e-05]
(1, 12, 28, 28, 16) (2, 12, 1, 1, 4, 16, 4) (1, 1) [4.553866666666667e-06, 5.9227e-06, 5.359066666666666e-06, 7.646966666666666e-06, 6.1405e-06, 5.571500000000001e-06, 5.619099999999999e-06, 6.300466666666667e-06]
(1, 4, 56, 56, 16) (4, 4, 1, 1, 4, 16, 4) (1, 1) [7.435933333333333e-06, 7.785266666666668e-06, 6.705600000000001e-06, 7.080166666666667e-06, 7.0915666666666674e-06, 1.0993566666666666e-05, 9.952633333333334e-06, 7.1685e-06]
(1, 8, 17, 23, 16) (12, 8, 1, 7, 4, 16, 4) (1, 1) [2.0406766666666666e-05, 2.3524033333333334e-05, 2.25237e-05, 5.264666666666667e-05, 1.875516666666667e-05, 3.1365099999999996e-05, 2.5933199999999998e-05, 6.954693333333334e-05]
(1, 66, 7, 7, 16) (10, 66, 1, 1, 4, 16, 4) (1, 1) [6.676699999999999e-06, 7.394466666666667e-06, 7.362299999999998e-06, 7.870533333333332e-06, 7.627633333333335e-06, 7.028733333333332e-06, 9.242133333333333e-06, 1.3612266666666667e-05]
(1, 48, 17, 17, 16) (8, 48, 1, 1, 4, 16, 4) (1, 1) [1.3936966666666667e-05, 1.4835966666666665e-05, 1.4425433333333334e-05, 3.4042066666666664e-05, 1.3909933333333332e-05, 2.21812e-05, 3.029336666666667e-05, 1.7928300000000002e-05]
(1, 80, 8, 8, 16) (20, 80, 1, 1, 4, 16, 4) (1, 1) [1.068363333333333e-05, 1.0516633333333332e-05, 1.1697899999999999e-05, 1.2865699999999998e-05, 1.18127e-05, 1.2499633333333335e-05, 2.089003333333333e-05, 1.1731233333333334e-05]
(1, 18, 35, 35, 16) (24, 18, 3, 3, 4, 16, 4) (2, 2) [0.00010067053333333333, 0.00012014793333333332, 0.00011239296666666668, 0.000284796, 8.572196666666665e-05, 0.00014357343333333336, 0.0003954210666666668, 0.00039481719999999996]
(1, 66, 7, 7, 16) (8, 66, 1, 1, 4, 16, 4) (1, 1) [5.7046e-06, 7.554333333333332e-06, 7.6629e-06, 7.069566666666667e-06, 6.870466666666666e-06, 6.9718e-06, 6.1029000000000005e-06, 1.1757133333333333e-05]
(1, 10, 16, 16, 16) (12, 10, 3, 3, 4, 16, 4) (1, 1) [1.6150466666666667e-05, 1.7069699999999997e-05, 1.4896833333333335e-05, 6.757706666666666e-05, 3.6852466666666667e-05, 1.6906366666666668e-05, 5.82582e-05, 5.8284000000000006e-05]
(1, 16, 30, 30, 16) (16, 16, 3, 3, 4, 16, 4) (2, 2) [3.1435333333333334e-05, 2.9574366666666666e-05, 2.9802166666666667e-05, 0.00011897346666666668, 7.85008e-05, 2.9879100000000003e-05, 0.00010222656666666665, 0.0001167226]
(1, 16, 35, 35, 16) (3, 16, 1, 1, 4, 16, 4) (1, 1) [7.151266666666665e-06, 8.521433333333333e-06, 9.046933333333333e-06, 1.6745499999999997e-05, 7.179333333333334e-06, 7.124633333333334e-06, 1.6537366666666662e-05, 9.131733333333334e-06]
(1, 12, 23, 17, 16) (12, 12, 7, 1, 4, 16, 4) (1, 1) [2.8675033333333332e-05, 3.362523333333333e-05, 3.162196666666667e-05, 8.130759999999999e-05, 2.595656666666667e-05, 4.81659e-05, 3.940673333333334e-05, 0.00010603289999999999]
(1, 10, 9, 9, 16) (14, 10, 3, 3, 4, 16, 4) (1, 1) [7.477666666666666e-06, 1.2157266666666668e-05, 1.1672633333333334e-05, 1.0412266666666665e-05, 1.3601933333333334e-05, 1.0650199999999998e-05, 1.0580666666666668e-05, 2.35863e-05]
(1, 1, 230, 230, 4) (4, 1, 7, 7, 1, 16, 4) (2, 2) [3.2691666666666664e-05, 3.051633333333333e-05, 3.0545599999999994e-05, 3.350913333333333e-05, 3.3124566666666665e-05, 3.0321633333333335e-05, 4.74827e-05, 3.0323666666666666e-05]
(1, 4, 55, 55, 16) (4, 4, 1, 1, 4, 16, 4) (1, 1) [7.605166666666666e-06, 9.085933333333332e-06, 1.55227e-05, 1.7450533333333332e-05, 7.993366666666667e-06, 7.002266666666666e-06, 1.6364966666666667e-05, 1.51125e-05]
(1, 1, 112, 112, 16) (6, 1, 1, 1, 4, 16, 4) (1, 1) [1.0053566666666666e-05, 9.866966666666667e-06, 9.853966666666667e-06, 9.147166666666666e-06, 9.823466666666665e-06, 9.423099999999998e-06, 1.0240133333333334e-05, 1.0182366666666666e-05]
(1, 4, 16, 16, 16) (6, 4, 3, 3, 4, 16, 4) (1, 1) [1.0476033333333334e-05, 5.9292333333333325e-06, 5.9262e-06, 1.602796666666667e-05, 1.0223599999999998e-05, 5.928400000000001e-06, 1.2913966666666669e-05, 1.2833733333333334e-05]
(1, 38, 14, 14, 16) (10, 38, 1, 1, 4, 16, 4) (1, 1) [8.446366666666666e-06, 8.151233333333333e-06, 9.007166666666666e-06, 2.082803333333333e-05, 1.5044566666666667e-05, 8.253733333333334e-06, 2.0302599999999998e-05, 2.0319433333333334e-05]
(1, 12, 35, 35, 16) (4, 12, 1, 1, 4, 16, 4) (1, 1) [7.525733333333333e-06, 8.596933333333334e-06, 8.833266666666666e-06, 1.6962199999999998e-05, 9.264033333333333e-06, 7.952466666666665e-06, 1.6542333333333333e-05, 7.8001e-06]
(1, 32, 28, 28, 16) (64, 32, 1, 1, 4, 16, 4) (2, 2) [2.68591e-05, 2.8245099999999998e-05, 2.75934e-05, 9.747413333333334e-05, 2.8631e-05, 8.714506666666667e-05, 0.0001002864, 3.0029133333333334e-05]
(1, 1, 230, 230, 4) (4, 1, 7, 7, 1, 16, 4) (2, 2) [3.304303333333333e-05, 3.108283333333333e-05, 3.0980666666666666e-05, 3.2823e-05, 3.3500899999999996e-05, 3.100869999999999e-05, 4.7420433333333324e-05, 3.0051600000000002e-05]
(1, 16, 14, 14, 16) (32, 16, 1, 1, 4, 16, 4) (2, 2) [5.1791999999999995e-06, 7.164866666666667e-06, 6.820066666666668e-06, 6.326266666666666e-06, 7.632933333333333e-06, 6.419133333333333e-06, 5.726833333333334e-06, 1.1673433333333332e-05]
(1, 12, 27, 27, 16) (4, 12, 1, 1, 4, 16, 4) (1, 1) [7.168633333333333e-06, 8.7791e-06, 7.453100000000001e-06, 6.820066666666666e-06, 8.7995e-06, 9.362499999999999e-06, 8.003966666666667e-06, 6.831166666666667e-06]
(1, 12, 9, 9, 16) (14, 12, 3, 3, 4, 16, 4) (1, 1) [8.331899999999999e-06, 1.3020699999999999e-05, 1.4498466666666667e-05, 1.2437133333333333e-05, 1.4722866666666664e-05, 1.21958e-05, 1.2614500000000001e-05, 2.80148e-05]
(1, 66, 7, 7, 16) (12, 66, 1, 1, 4, 16, 4) (1, 1) [5.9262999999999995e-06, 8.985233333333333e-06, 9.253833333333333e-06, 6.807233333333334e-06, 9.475799999999998e-06, 8.60993333333333e-06, 9.202499999999999e-06, 1.518853333333333e-05]
(1, 18, 35, 35, 16) (3, 18, 1, 1, 4, 16, 4) (1, 1) [7.523566666666666e-06, 9.141833333333333e-06, 9.547766666666667e-06, 1.90094e-05, 8.602233333333334e-06, 7.512066666666667e-06, 1.69191e-05, 8.642966666666667e-06]
(1, 1, 226, 226, 4) (2, 1, 3, 3, 1, 16, 4) (2, 2) [8.250233333333334e-06, 7.775333333333333e-06, 6.427166666666667e-06, 6.624466666666668e-06, 7.359466666666667e-06, 6.834833333333333e-06, 7.442866666666667e-06, 7.380533333333333e-06]
(1, 36, 14, 14, 16) (6, 36, 1, 1, 4, 16, 4) (1, 1) [6.2994e-06, 7.3565000000000015e-06, 7.298366666666666e-06, 1.4443800000000002e-05, 1.0328733333333333e-05, 7.249833333333333e-06, 1.2645199999999999e-05, 1.3428233333333335e-05]
(1, 8, 16, 16, 16) (10, 8, 3, 3, 4, 16, 4) (1, 1) [1.14101e-05, 1.19439e-05, 1.3022733333333333e-05, 5.023790000000001e-05, 2.5650533333333335e-05, 1.2492566666666666e-05, 3.984216666666666e-05, 4.000206666666667e-05]
(1, 12, 35, 35, 16) (2, 12, 1, 1, 4, 16, 4) (1, 1) [4.830766666666666e-06, 6.3981666666666674e-06, 5.533433333333333e-06, 1.12709e-05, 6.215433333333333e-06, 5.082200000000001e-06, 8.2404e-06, 8.214366666666664e-06]
(1, 10, 23, 17, 16) (10, 10, 7, 1, 4, 16, 4) (1, 1) [2.2458033333333338e-05, 2.3834400000000003e-05, 2.27792e-05, 5.6405599999999994e-05, 1.8811266666666667e-05, 3.340056666666667e-05, 5.5120133333333334e-05, 2.7485000000000005e-05]
(1, 128, 8, 8, 16) (12, 128, 1, 1, 4, 16, 4) (1, 1) [1.1119433333333332e-05, 9.436366666666667e-06, 1.1277866666666666e-05, 1.2490466666666668e-05, 9.953766666666668e-06, 1.2412766666666667e-05, 1.9830233333333332e-05, 1.0171700000000001e-05]
(1, 8, 28, 28, 16) (16, 8, 1, 1, 4, 16, 4) (2, 2) [5.1113000000000005e-06, 5.106899999999999e-06, 6.0639000000000005e-06, 1.0352633333333331e-05, 8.3694e-06, 6.048366666666666e-06, 1.042e-05, 9.381733333333334e-06]
(1, 9, 56, 56, 16) (2, 9, 1, 1, 4, 16, 4) (1, 1) [6.819866666666667e-06, 7.837633333333333e-06, 6.789100000000001e-06, 7.504533333333333e-06, 8.8027e-06, 6.7214666666666665e-06, 1.17755e-05, 1.2250099999999998e-05]
(1, 16, 56, 56, 16) (32, 16, 1, 1, 4, 16, 4) (2, 2) [2.7044466666666665e-05, 2.795416666666666e-05, 2.86859e-05, 2.8286499999999998e-05, 3.843133333333333e-05, 3.8171000000000004e-05, 2.955466666666667e-05, 5.8227466666666664e-05]
(1, 2, 112, 112, 16) (4, 2, 1, 1, 4, 16, 4) (1, 1) [9.4515e-06, 1.2654000000000001e-05, 1.2614933333333334e-05, 9.536666666666668e-06, 9.7888e-06, 1.2337499999999998e-05, 1.0244633333333334e-05, 1.2068300000000001e-05]
(1, 24, 14, 14, 16) (4, 24, 1, 1, 4, 16, 4) (1, 1) [4.119899999999999e-06, 5.658266666666667e-06, 5.5789333333333335e-06, 9.524266666666666e-06, 6.581666666666665e-06, 6.113133333333334e-06, 6.485199999999999e-06, 6.5863e-06]
(1, 64, 7, 7, 16) (22, 64, 1, 1, 4, 16, 4) (1, 1) [6.836866666666666e-06, 1.1235766666666668e-05, 1.2817566666666667e-05, 9.570066666666667e-06, 1.4022766666666667e-05, 1.1955566666666666e-05, 9.954866666666665e-06, 2.4527966666666663e-05]
(1, 6, 29, 29, 16) (6, 6, 3, 3, 4, 16, 4) (2, 2) [1.8620833333333336e-05]
(1, 9, 56, 56, 16) (2, 9, 1, 1, 4, 16, 4) (1, 1) [1.1526300000000002e-05]
(1, 64, 14, 14, 16) (32, 64, 1, 1, 4, 16, 4) (1, 1) [0.00010899206666666668]
(1, 12, 17, 23, 16) (12, 12, 1, 7, 4, 16, 4) (1, 1) [9.695933333333331e-05]
(1, 32, 9, 9, 16) (32, 32, 3, 3, 4, 16, 4) (1, 1) [0.0001344236]
(1, 6, 37, 37, 16) (6, 6, 3, 3, 4, 16, 4) (1, 1) [0.0001070871]
(1, 8, 58, 58, 16) (8, 8, 3, 3, 4, 16, 4) (2, 2) [0.00012304496666666666]
(1, 64, 7, 7, 16) (8, 64, 1, 1, 4, 16, 4) (1, 1) [1.0721800000000001e-05]
(1, 1, 230, 230, 4) (4, 1, 7, 7, 1, 16, 4) (2, 2) [0.00011028749999999999]
(1, 16, 56, 56, 16) (32, 16, 1, 1, 4, 16, 4) (2, 2) [7.359773333333333e-05]
(1, 32, 28, 28, 16) (64, 32, 1, 1, 4, 16, 4) (2, 2) [9.669839999999999e-05]
(1, 36, 14, 14, 16) (6, 36, 1, 1, 4, 16, 4) (1, 1) [1.2643366666666665e-05]
(1, 12, 16, 16, 16) (12, 12, 3, 3, 4, 16, 4) (1, 1) [7.07189e-05]
(1, 8, 29, 29, 16) (10, 8, 3, 3, 4, 16, 4) (2, 2) [4.1547e-05]
(1, 4, 58, 58, 16) (4, 4, 3, 3, 4, 16, 4) (1, 1) [0.00010971909999999999]
(1, 80, 8, 8, 16) (24, 80, 1, 1, 4, 16, 4) (1, 1) [3.427596666666666e-05]
(1, 32, 28, 28, 16) (8, 32, 1, 1, 4, 16, 4) (1, 1) [4.884983333333332e-05]
(1, 16, 30, 30, 16) (16, 16, 3, 3, 4, 16, 4) (2, 2) [0.00012928456666666668]
(1, 32, 28, 28, 16) (16, 32, 1, 1, 4, 16, 4) (2, 2) [2.612263333333333e-05]
(1, 8, 17, 23, 16) (12, 8, 1, 7, 4, 16, 4) (1, 1) [5.7082199999999994e-05]
(1, 64, 14, 14, 16) (128, 64, 1, 1, 4, 16, 4) (2, 2) [0.00010869133333333335]
(1, 4, 56, 56, 16) (8, 4, 1, 1, 4, 16, 4) (2, 2) [5.9982000000000004e-06]
(1, 6, 14, 14, 16) (36, 6, 1, 1, 4, 16, 4) (1, 1) [8.398966666666667e-06]
(1, 32, 28, 28, 16) (64, 32, 1, 1, 4, 16, 4) (2, 2) [9.963383333333331e-05]
(1, 12, 27, 27, 16) (2, 12, 1, 1, 4, 16, 4) (1, 1) [5.4775666666666665e-06]
(1, 8, 30, 30, 16) (8, 8, 3, 3, 4, 16, 4) (1, 1) [0.00012578846666666668]
(1, 48, 17, 17, 16) (8, 48, 1, 1, 4, 16, 4) (1, 1) [3.268543333333333e-05]
(1, 80, 8, 8, 16) (20, 80, 1, 1, 4, 16, 4) (1, 1) [3.074976666666667e-05]
(1, 18, 35, 35, 16) (24, 18, 3, 3, 4, 16, 4) (2, 2) [0.0003446423666666667]
(1, 60, 7, 7, 16) (10, 60, 1, 1, 4, 16, 4) (1, 1) [1.0447e-05]
(1, 8, 28, 28, 16) (32, 8, 1, 1, 4, 16, 4) (1, 1) [3.500953333333333e-05]
(1, 8, 23, 17, 16) (8, 8, 7, 1, 4, 16, 4) (1, 1) [3.803016666666666e-05]
(1, 32, 7, 7, 16) (128, 32, 1, 1, 4, 16, 4) (1, 1) [4.983463333333334e-05]
(1, 16, 35, 35, 16) (3, 16, 1, 1, 4, 16, 4) (1, 1) [1.32197e-05]
(1, 12, 23, 17, 16) (12, 12, 7, 1, 4, 16, 4) (1, 1) [8.71472e-05]
(1, 36, 14, 14, 16) (14, 36, 1, 1, 4, 16, 4) (1, 1) [2.6309866666666667e-05]
(1, 38, 14, 14, 16) (12, 38, 1, 1, 4, 16, 4) (1, 1) [2.4126133333333333e-05]
(1, 4, 56, 56, 16) (4, 4, 1, 1, 4, 16, 4) (1, 1) [9.9132e-06]
(1, 36, 14, 14, 16) (12, 36, 1, 1, 4, 16, 4) (1, 1) [2.267653333333334e-05]
(1, 16, 14, 14, 16) (64, 16, 1, 1, 4, 16, 4) (1, 1) [3.953896666666666e-05]
(1, 4, 56, 56, 16) (16, 4, 1, 1, 4, 16, 4) (1, 1) [3.0806366666666664e-05]
(1, 12, 35, 35, 16) (4, 12, 1, 1, 4, 16, 4) (1, 1) [1.2381566666666667e-05]
(1, 32, 9, 9, 16) (32, 32, 3, 3, 4, 16, 4) (1, 1) [0.00013469086666666668]
(1, 128, 7, 7, 16) (32, 128, 1, 1, 4, 16, 4) (1, 1) [6.165883333333333e-05]
(1, 16, 56, 56, 16) (8, 16, 1, 1, 4, 16, 4) (1, 1) [7.154186666666668e-05]
(1, 16, 16, 16, 16) (16, 16, 3, 3, 4, 16, 4) (1, 1) [0.00012791213333333332]
(1, 8, 30, 30, 16) (16, 8, 3, 3, 4, 16, 4) (2, 2) [6.265236666666667e-05]
(1, 16, 56, 56, 16) (8, 16, 1, 1, 4, 16, 4) (2, 2) [2.06599e-05]
(1, 36, 7, 7, 16) (10, 36, 1, 1, 4, 16, 4) (1, 1) [7.211133333333334e-06]
(1, 64, 14, 14, 16) (16, 64, 1, 1, 4, 16, 4) (1, 1) [5.6208699999999996e-05]
(1, 38, 14, 14, 16) (8, 38, 1, 1, 4, 16, 4) (1, 1) [1.779863333333333e-05]
(1, 16, 14, 14, 16) (64, 16, 1, 1, 4, 16, 4) (1, 1) [3.80625e-05]
(1, 18, 35, 35, 16) (3, 18, 1, 1, 4, 16, 4) (1, 1) [1.4867666666666665e-05]
(1, 4, 56, 56, 16) (16, 4, 1, 1, 4, 16, 4) (1, 1) [3.082033333333333e-05]
(1, 10, 16, 16, 16) (10, 10, 3, 3, 4, 16, 4) (1, 1) [5.08164e-05]
(1, 12, 9, 9, 16) (20, 12, 3, 3, 4, 16, 4) (1, 1) [4.089653333333333e-05]
(1, 2, 112, 112, 16) (4, 2, 1, 1, 4, 16, 4) (1, 1) [2.3500633333333337e-05]
(1, 4, 29, 29, 16) (4, 4, 3, 3, 4, 16, 4) (1, 1) [2.76972e-05]
(1, 12, 35, 35, 16) (2, 12, 1, 1, 4, 16, 4) (1, 1) [8.3727e-06]
(1, 32, 16, 16, 16) (32, 32, 3, 3, 4, 16, 4) (2, 2) [0.00013856316666666665]
(1, 10, 23, 17, 16) (10, 10, 7, 1, 4, 16, 4) (1, 1) [6.223549999999998e-05]
(1, 128, 8, 8, 16) (12, 128, 1, 1, 4, 16, 4) (1, 1) [2.930183333333333e-05]
(1, 60, 7, 7, 16) (20, 60, 1, 1, 4, 16, 4) (1, 1) [1.7683799999999998e-05]
(1, 1, 230, 230, 4) (4, 1, 7, 7, 1, 16, 4) (2, 2) [0.00010747019999999999]
(1, 128, 7, 7, 16) (32, 128, 1, 1, 4, 16, 4) (1, 1) [6.11586e-05]
(1, 32, 28, 28, 16) (16, 32, 1, 1, 4, 16, 4) (1, 1) [9.499666666666668e-05]
(1, 6, 56, 56, 16) (2, 6, 1, 1, 4, 16, 4) (1, 1) [8.017533333333332e-06]
(1, 1, 230, 230, 4) (4, 1, 7, 7, 1, 16, 4) (2, 2) [0.0001105494]
(1, 2, 56, 56, 12) (9, 2, 1, 1, 3, 16, 4) (1, 1) [8.253099999999999e-06]
(1, 8, 16, 16, 16) (12, 8, 3, 3, 4, 16, 4) (2, 2) [1.544e-05]
(1, 32, 28, 28, 16) (8, 32, 1, 1, 4, 16, 4) (1, 1) [4.890673333333333e-05]
(1, 32, 28, 28, 16) (16, 32, 1, 1, 4, 16, 4) (2, 2) [2.8078966666666667e-05]
(1, 5, 73, 73, 16) (12, 5, 3, 3, 4, 16, 4) (1, 1) [0.0007353812666666666]
(1, 64, 14, 14, 16) (128, 64, 1, 1, 4, 16, 4) (2, 2) [0.00010886373333333333]
(1, 28, 10, 10, 16) (24, 28, 3, 3, 4, 16, 4) (1, 1) [0.00011068680000000002]
(1, 32, 7, 7, 16) (128, 32, 1, 1, 4, 16, 4) (1, 1) [4.877076666666667e-05]
(1, 2, 149, 149, 16) (2, 2, 3, 3, 4, 16, 4) (1, 1) [0.00014750076666666666]
(1, 8, 30, 30, 16) (8, 8, 3, 3, 4, 16, 4) (1, 1) [0.0001241071]
(1, 14, 9, 9, 16) (14, 14, 3, 3, 4, 16, 4) (1, 1) [3.070403333333333e-05]
(1, 18, 35, 35, 16) (4, 18, 1, 1, 4, 16, 4) (1, 1) [1.8338733333333335e-05]
(1, 64, 7, 7, 16) (12, 64, 1, 1, 4, 16, 4) (1, 1) [1.3432700000000001e-05]
(1, 6, 35, 35, 16) (6, 6, 3, 3, 4, 16, 4) (2, 2) [3.2849466666666664e-05]
(1, 8, 28, 28, 16) (32, 8, 1, 1, 4, 16, 4) (1, 1) [3.5621366666666664e-05]
(1, 4, 58, 58, 16) (4, 4, 3, 3, 4, 16, 4) (1, 1) [0.00011095473333333334]
(1, 32, 28, 28, 16) (8, 32, 1, 1, 4, 16, 4) (1, 1) [4.9356399999999994e-05]
(1, 10, 7, 7, 16) (60, 10, 1, 1, 4, 16, 4) (1, 1) [7.1511333333333334e-06]
(1, 32, 28, 28, 16) (8, 32, 1, 1, 4, 16, 4) (1, 1) [5.1296000000000005e-05]
(1, 32, 14, 14, 16) (32, 32, 1, 1, 4, 16, 4) (1, 1) [4.8683233333333335e-05]
(1, 4, 56, 56, 16) (4, 4, 1, 1, 4, 16, 4) (1, 1) [9.398166666666668e-06]
(1, 6, 29, 29, 16) (6, 6, 3, 3, 4, 16, 4) (1, 1) [6.312483333333332e-05]
(1, 32, 28, 28, 16) (64, 32, 1, 1, 4, 16, 4) (2, 2) [9.786543333333334e-05]
(1, 16, 16, 16, 16) (16, 16, 3, 3, 4, 16, 4) (1, 1) [0.00012783503333333332]
(1, 64, 14, 14, 16) (128, 64, 1, 1, 4, 16, 4) (2, 2) [0.0001087756]
(1, 4, 29, 29, 16) (6, 4, 3, 3, 4, 16, 4) (1, 1) [3.953356666666667e-05]
(1, 80, 1, 1, 16) (63, 80, 1, 1, 4, 16, 4) (1, 1) [6.066099999999999e-06]
(1, 8, 16, 16, 16) (8, 8, 3, 3, 4, 16, 4) (1, 1) [3.392046666666667e-05]
(1, 32, 7, 7, 16) (64, 32, 1, 1, 4, 16, 4) (1, 1) [2.47906e-05]
(1, 64, 7, 7, 16) (64, 64, 1, 1, 4, 16, 4) (1, 1) [5.580286666666667e-05]
(1, 16, 56, 56, 16) (4, 16, 1, 1, 4, 16, 4) (1, 1) [3.6807599999999996e-05]
(1, 8, 30, 30, 16) (8, 8, 3, 3, 4, 16, 4) (1, 1) [0.00012375323333333333]
(1, 66, 7, 7, 16) (22, 66, 1, 1, 4, 16, 4) (1, 1) [2.2598466666666667e-05]
(1, 64, 14, 14, 16) (16, 64, 1, 1, 4, 16, 4) (1, 1) [5.5324366666666675e-05]
(1, 32, 7, 7, 16) (128, 32, 1, 1, 4, 16, 4) (1, 1) [4.873296666666666e-05]
(1, 36, 14, 14, 16) (8, 36, 1, 1, 4, 16, 4) (1, 1) [1.66059e-05]
(1, 16, 28, 28, 16) (16, 16, 1, 1, 4, 16, 4) (1, 1) [3.684066666666666e-05]
(1, 1, 299, 299, 4) (2, 1, 3, 3, 1, 16, 4) (2, 2) [1.3588000000000001e-05]
(1, 8, 28, 28, 16) (32, 8, 1, 1, 4, 16, 4) (1, 1) [3.492653333333333e-05]
(1, 20, 27, 27, 16) (4, 20, 1, 1, 4, 16, 4) (1, 1) [1.4131833333333336e-05]
(1, 24, 14, 14, 16) (6, 24, 1, 1, 4, 16, 4) (1, 1) [8.462966666666667e-06]
(1, 8, 16, 16, 16) (12, 8, 3, 3, 4, 16, 4) (1, 1) [4.674213333333333e-05]
(1, 4, 56, 56, 16) (4, 4, 1, 1, 4, 16, 4) (1, 1) [9.014700000000002e-06]
(1, 8, 23, 17, 16) (12, 8, 7, 1, 4, 16, 4) (1, 1) [5.53844e-05]
(1, 16, 56, 56, 16) (8, 16, 1, 1, 4, 16, 4) (1, 1) [7.404463333333333e-05]
(1, 16, 16, 16, 16) (16, 16, 3, 3, 4, 16, 4) (1, 1) [0.00012788273333333333]
(1, 8, 17, 23, 16) (8, 8, 1, 7, 4, 16, 4) (1, 1) [3.821343333333333e-05]
(1, 10, 23, 17, 16) (12, 10, 7, 1, 4, 16, 4) (1, 1) [7.192376666666667e-05]
(1, 24, 10, 8, 16) (24, 24, 3, 1, 4, 16, 4) (1, 1) [3.177336666666666e-05]
(1, 20, 7, 7, 16) (80, 20, 1, 1, 4, 16, 4) (1, 1) [1.8033233333333332e-05]
(1, 32, 9, 9, 16) (32, 32, 3, 3, 4, 16, 4) (1, 1) [0.00013473246666666666]
(1, 64, 14, 14, 16) (16, 64, 1, 1, 4, 16, 4) (1, 1) [5.5634800000000005e-05]
(1, 3, 39, 39, 16) (4, 3, 5, 5, 4, 16, 4) (1, 1) [0.00010219086666666665]
(1, 16, 56, 56, 16) (32, 16, 1, 1, 4, 16, 4) (2, 2) [7.47293e-05]
(1, 16, 14, 14, 16) (64, 16, 1, 1, 4, 16, 4) (1, 1) [3.754786666666667e-05]
(1, 4, 56, 56, 16) (16, 4, 1, 1, 4, 16, 4) (1, 1) [3.107276666666666e-05]
(1, 38, 14, 14, 16) (6, 38, 1, 1, 4, 16, 4) (1, 1) [1.4120000000000002e-05]
(1, 12, 16, 16, 16) (16, 12, 3, 3, 4, 16, 4) (1, 1) [9.662086666666668e-05]
(1, 4, 57, 57, 16) (12, 4, 3, 3, 4, 16, 4) (1, 1) [0.0003369405666666667]
(1, 32, 28, 28, 16) (16, 32, 1, 1, 4, 16, 4) (1, 1) [9.77872e-05]
(1, 64, 14, 14, 16) (32, 64, 1, 1, 4, 16, 4) (2, 2) [3.091259999999999e-05]
(1, 4, 56, 56, 16) (8, 4, 1, 1, 4, 16, 4) (1, 1) [1.5660599999999997e-05]
(1, 128, 8, 8, 16) (24, 128, 1, 1, 4, 16, 4) (1, 1) [5.492159999999999e-05]
(1, 1, 230, 230, 4) (4, 1, 7, 7, 1, 16, 4) (2, 2) [0.00011079786666666667]
(1, 128, 8, 8, 16) (20, 128, 1, 1, 4, 16, 4) (1, 1) [4.8491966666666676e-05]
(1, 48, 17, 17, 16) (12, 48, 1, 1, 4, 16, 4) (1, 1) [4.491543333333333e-05]
(1, 4, 58, 58, 16) (4, 4, 3, 3, 4, 16, 4) (1, 1) [0.00011038846666666666]
(1, 66, 7, 7, 16) (10, 66, 1, 1, 4, 16, 4) (1, 1) [1.1032666666666669e-05]
(1, 12, 28, 28, 16) (2, 12, 1, 1, 4, 16, 4) (1, 1) [6.1773999999999995e-06]
(1, 9, 28, 28, 16) (2, 9, 1, 1, 4, 16, 4) (1, 1) [5.408133333333334e-06]
(1, 12, 17, 17, 16) (12, 12, 3, 3, 4, 16, 4) (2, 2) [2.5877099999999997e-05]
(1, 80, 8, 8, 16) (12, 80, 1, 1, 4, 16, 4) (1, 1) [1.7995466666666667e-05]
(1, 66, 7, 7, 16) (8, 66, 1, 1, 4, 16, 4) (1, 1) [1.1200199999999998e-05]
(1, 10, 16, 16, 16) (12, 10, 3, 3, 4, 16, 4) (1, 1) [5.8409966666666665e-05]
(1, 1, 226, 226, 4) (2, 1, 3, 3, 1, 16, 4) (2, 2) [8.4888e-06]
(1, 10, 9, 9, 16) (14, 10, 3, 3, 4, 16, 4) (1, 1) [2.193653333333334e-05]
(1, 16, 56, 56, 16) (4, 16, 1, 1, 4, 16, 4) (1, 1) [4.0745300000000004e-05]
(1, 4, 58, 58, 16) (4, 4, 3, 3, 4, 16, 4) (1, 1) [0.00010980173333333334]
(1, 4, 55, 55, 16) (4, 4, 1, 1, 4, 16, 4) (1, 1) [8.818999999999998e-06]
(1, 16, 14, 14, 16) (32, 16, 1, 1, 4, 16, 4) (1, 1) [2.3082366666666664e-05]
(1, 4, 16, 16, 16) (6, 4, 3, 3, 4, 16, 4) (1, 1) [1.2492633333333335e-05]
(1, 38, 14, 14, 16) (10, 38, 1, 1, 4, 16, 4) (1, 1) [2.0820966666666663e-05]
(1, 80, 8, 8, 16) (28, 80, 1, 1, 4, 16, 4) (1, 1) [4.226833333333334e-05]
(1, 64, 14, 14, 16) (128, 64, 1, 1, 4, 16, 4) (2, 2) [0.00011020996666666666]
(1, 24, 8, 10, 16) (24, 24, 1, 3, 4, 16, 4) (1, 1) [3.0865666666666665e-05]
(1, 8, 30, 30, 16) (8, 8, 3, 3, 4, 16, 4) (1, 1) [0.0001252134]
(1, 12, 27, 27, 16) (4, 12, 1, 1, 4, 16, 4) (1, 1) [8.855433333333333e-06]
(1, 8, 28, 28, 16) (16, 8, 1, 1, 4, 16, 4) (1, 1) [1.736973333333333e-05]
(1, 12, 9, 9, 16) (14, 12, 3, 3, 4, 16, 4) (1, 1) [2.625583333333333e-05]
(1, 10, 17, 23, 16) (12, 10, 1, 7, 4, 16, 4) (1, 1) [7.243216666666666e-05]
(1, 66, 7, 7, 16) (12, 66, 1, 1, 4, 16, 4) (1, 1) [1.5454433333333332e-05]
(1, 128, 7, 7, 16) (32, 128, 1, 1, 4, 16, 4) (1, 1) [6.161013333333335e-05]
(1, 16, 56, 56, 16) (4, 16, 1, 1, 4, 16, 4) (1, 1) [3.70066e-05]
(1, 32, 9, 9, 16) (32, 32, 3, 3, 4, 16, 4) (1, 1) [0.00013439723333333333]
(1, 8, 28, 28, 16) (32, 8, 1, 1, 4, 16, 4) (1, 1) [3.2128133333333335e-05]
(1, 8, 16, 16, 16) (10, 8, 3, 3, 4, 16, 4) (1, 1) [4.0814200000000006e-05]
(1, 16, 56, 56, 16) (32, 16, 1, 1, 4, 16, 4) (2, 2) [7.46879e-05]
(1, 48, 17, 17, 16) (10, 48, 1, 1, 4, 16, 4) (1, 1) [3.875909999999999e-05]
(1, 4, 56, 56, 16) (4, 4, 1, 1, 4, 16, 4) (1, 1) [9.731300000000001e-06]
(1, 36, 14, 14, 16) (6, 36, 1, 1, 4, 16, 4) (1, 1) [1.2007966666666667e-05]
(1, 8, 56, 56, 16) (8, 8, 1, 1, 4, 16, 4) (1, 1) [3.393000000000001e-05]
(1, 16, 14, 14, 16) (32, 16, 1, 1, 4, 16, 4) (2, 2) [6.712666666666666e-06]
(1, 64, 7, 7, 16) (22, 64, 1, 1, 4, 16, 4) (1, 1) [2.2041966666666667e-05]
(1, 64, 14, 14, 16) (32, 64, 1, 1, 4, 16, 4) (1, 1) [0.00010893440000000001]
(1, 32, 9, 9, 16) (32, 32, 3, 3, 4, 16, 4) (1, 1) [0.00013516396666666668]
(1, 1, 230, 230, 4) (4, 1, 7, 7, 1, 16, 4) (2, 2) [0.00010885070000000001]
(1, 4, 14, 14, 16) (24, 4, 1, 1, 4, 16, 4) (1, 1) [4.6497666666666665e-06]
(1, 64, 14, 14, 16) (32, 64, 1, 1, 4, 16, 4) (2, 2) [3.07897e-05]
(1, 8, 58, 58, 16) (8, 8, 3, 3, 4, 16, 4) (2, 2) [0.00012274503333333333]
(1, 16, 56, 56, 16) (32, 16, 1, 1, 4, 16, 4) (2, 2) [7.538313333333334e-05]
(1, 24, 14, 14, 16) (4, 24, 1, 1, 4, 16, 4) (1, 1) [6.9606666666666676e-06]
(1, 4, 37, 37, 16) (6, 4, 3, 3, 4, 16, 4) (1, 1) [6.785870000000001e-05]
(1, 4, 58, 58, 16) (4, 4, 3, 3, 4, 16, 4) (1, 1) [0.00011057253333333333]
(1, 8, 28, 28, 16) (16, 8, 1, 1, 4, 16, 4) (2, 2) [6.1973e-06]
(1, 16, 30, 30, 16) (16, 16, 3, 3, 4, 16, 4) (2, 2) [0.00013033723333333335]
(1, 36, 14, 14, 16) (10, 36, 1, 1, 4, 16, 4) (1, 1) [1.966666666666667e-05]
(1, 6, 16, 16, 16) (8, 6, 3, 3, 4, 16, 4) (1, 1) [2.54514e-05]
(1, 16, 27, 27, 16) (4, 16, 1, 1, 4, 16, 4) (1, 1) [1.1725866666666666e-05]
(1, 16, 16, 16, 16) (16, 16, 3, 3, 4, 16, 4) (2, 2) [3.6060666666666665e-05]
(1, 12, 17, 17, 16) (20, 12, 3, 3, 4, 16, 4) (2, 2) [4.136393333333334e-05]
(1, 8, 30, 30, 16) (8, 8, 3, 3, 4, 16, 4) (1, 1) [0.0001237691]
(1, 32, 28, 28, 16) (64, 32, 1, 1, 4, 16, 4) (2, 2) [9.764333333333333e-05]
(1, 10, 17, 23, 16) (10, 10, 1, 7, 4, 16, 4) (1, 1) [6.30281e-05]
(1, 16, 35, 35, 16) (4, 16, 1, 1, 4, 16, 4) (1, 1) [1.68845e-05]
(1, 1, 230, 230, 4) (4, 1, 7, 7, 1, 16, 4) (2, 2) [0.00010905653333333333]
(1, 128, 8, 8, 16) (28, 128, 1, 1, 4, 16, 4) (1, 1) [6.80122e-05]
(1, 32, 7, 7, 16) (128, 32, 1, 1, 4, 16, 4) (1, 1) [4.937996666666667e-05]
(1, 12, 35, 35, 16) (3, 12, 1, 1, 4, 16, 4) (1, 1) [9.819266666666666e-06]
(1, 16, 16, 16, 16) (16, 16, 3, 3, 4, 16, 4) (1, 1) [0.0001279072666666667]
(1, 4, 73, 73, 16) (5, 4, 1, 1, 4, 16, 4) (1, 1) [1.86205e-05]
(1, 12, 14, 14, 16) (4, 12, 1, 1, 4, 16, 4) (1, 1) [4.146666666666667e-06]
(1, 16, 16, 16, 16) (16, 16, 3, 3, 4, 16, 4) (1, 1) [0.00012797776666666666]
(1, 4, 58, 58, 16) (8, 4, 3, 3, 4, 16, 4) (2, 2) [5.6038833333333336e-05]
(1, 64, 14, 14, 16) (16, 64, 1, 1, 4, 16, 4) (1, 1) [5.51425e-05]
(1, 1, 226, 226, 4) (2, 1, 3, 3, 1, 16, 4) (2, 2) [9.235366666666666e-06]
(1, 1, 112, 112, 16) (6, 1, 1, 1, 4, 16, 4) (1, 1) [1.0688666666666668e-05]
(1, 16, 14, 14, 16) (64, 16, 1, 1, 4, 16, 4) (1, 1) [3.82953e-05]
(1, 16, 16, 16, 16) (32, 16, 3, 3, 4, 16, 4) (2, 2) [6.803603333333334e-05]
(1, 4, 56, 56, 16) (16, 4, 1, 1, 4, 16, 4) (1, 1) [3.0820299999999994e-05]
(1, 2, 149, 149, 16) (4, 2, 3, 3, 4, 16, 4) (1, 1) [0.0002898349]
(1, 20, 27, 27, 16) (8, 20, 1, 1, 4, 16, 4) (1, 1) [2.3347533333333333e-05]
(1, 16, 56, 56, 16) (4, 16, 1, 1, 4, 16, 4) (1, 1) [3.7766666666666665e-05]
(1, 32, 16, 16, 16) (32, 32, 3, 3, 4, 16, 4) (2, 2) [0.0001378831]
(1, 2, 28, 28, 16) (12, 2, 1, 1, 4, 16, 4) (1, 1) [6.0919e-06]
(1, 16, 56, 56, 16) (8, 16, 1, 1, 4, 16, 4) (2, 2) [2.1265133333333334e-05]
(1, 2, 112, 112, 16) (1, 2, 1, 1, 4, 16, 4) (1, 1) [5.283333333333333e-06]
(1, 128, 7, 7, 16) (32, 128, 1, 1, 4, 16, 4) (1, 1) [6.08829e-05]
(1, 36, 14, 14, 16) (4, 36, 1, 1, 4, 16, 4) (1, 1) [1.0045566666666667e-05]
